<?xml version="1.0" encoding="UTF-8"?>
<!-- Generated by org.testng.reporters.JUnitXMLReporter -->
<testsuite ignored="0" hostname="LAPTOP-07R9VU7F" failures="1" tests="40" name="Surefire test" time="516.833" errors="0" timestamp="18 Nov 2023 14:53:07 GMT">
  <testcase classname="com.naveenautomation.pageTests.AccountPageTest" name="validateAccountDownloadsMessage" time="2.932"/>
  <testcase classname="com.naveenautomation.pageTests.AccountPageTest" name="validateLoginWithMultipleCredentials" time="1.352"/>
  <testcase classname="com.naveenautomation.pageTests.AccountPageTest" name="validateLoginWithMultipleCredentials" time="4.23"/>
  <testcase classname="com.naveenautomation.pageTests.AccountPageTest" name="validateLoginWithMultipleCredentials" time="2.018"/>
  <testcase classname="com.naveenautomation.pageTests.AccountPageTest" name="validatePaymentsMessage" time="3.838"/>
  <testcase classname="com.naveenautomation.pageTests.AccountPageTest" name="validateProductReturnMessage" time="3.78"/>
  <testcase classname="com.naveenautomation.pageTests.AccountPageTest" name="validateTransactionsPageMessage" time="3.896"/>
  <testcase classname="com.naveenautomation.pageTests.AccountPageTest" name="validateUserAbleToViewOrderHistory" time="3.943"/>
  <testcase classname="com.naveenautomation.pageTests.AccountPageTest" name="validateUserAbleToViewPreviousOrderDetails" time="5.604"/>
  <testcase classname="com.naveenautomation.pageTests.AccountPageTest" name="validateUserAbleToViewRewardPoint" time="3.541"/>
  <testcase classname="com.naveenautomation.pageTests.AccountPageTest" name="validateUserCanLoginWithValidCredentials" time="1.707"/>
  <testcase classname="com.naveenautomation.pageTests.AccountPageTest" name="validateUserCanRegisterNewAccount" time="4.226">
    <failure type="java.lang.Error">
      <![CDATA[java.lang.Error
at com.naveenautomation.pages.AccountSucessPage.isLoaded(AccountSucessPage.java:32)
at com.naveenautomation.pages.Page.waitForPageToLoad(Page.java:26)
at com.naveenautomation.pages.Page.<init>(Page.java:12)
at com.naveenautomation.pages.AccountSucessPage.<init>(AccountSucessPage.java:11)
at com.naveenautomation.pages.RegisterPage.clickSubmitButton(RegisterPage.java:76)
at com.naveenautomation.pageTests.AccountPageTest.validateUserCanRegisterNewAccount(AccountPageTest.java:134)
... Removed 30 stack frames]]>
    </failure>
  </testcase> <!-- validateUserCanRegisterNewAccount -->
  <testcase classname="com.naveenautomation.pageTests.AccountPageTest" name="validateUserCanSubscribeNewsLetter" time="4.354"/>
  <testcase classname="com.naveenautomation.pageTests.AccountPageTest" name="validateUserCanUnsubscribeNewsLetter" time="4.026"/>
  <testcase classname="com.naveenautomation.pageTests.AccountPageTest" name="validateUserCanUpdateAffiliateInfo" time="4.165"/>
  <testcase classname="com.naveenautomation.pageTests.AccountPageTest" name="validateUserCanUpdateEmail" time="5.226"/>
  <testcase classname="com.naveenautomation.pageTests.AccountPageTest" name="validateUserCanUpdateFirstName" time="4.752"/>
  <testcase classname="com.naveenautomation.pageTests.AccountPageTest" name="validateUserCanUpdateLastName" time="4.9"/>
  <testcase classname="com.naveenautomation.pageTests.AccountPageTest" name="validateUserCanUpdateNumber" time="4.594"/>
  <testcase classname="com.naveenautomation.pageTests.AccountPageTest" name="validateUserCanUpdatePassword" time="4.514"/>
  <testcase classname="com.naveenautomation.pageTests.AccountPageTest" name="validateUserCannotUpdateInfoWithEmptyField" time="6.519"/>
  <testcase classname="com.naveenautomation.pageTests.AccountPageTest" name="validateUserCannotUpdatePasswordIfPwdMismatch" time="4.439"/>
  <testcase classname="com.naveenautomation.pageTests.AccountPageTest" name="validateWishListMessage" time="3.261"/>
  <testcase classname="com.naveenautomation.pageTests.AddressBookTest" name="validateUserCanUpdateAddress" time="6.003"/>
  <testcase classname="com.naveenautomation.pageTests.ForgetPasswordTest" name="validateUserCannotChangePwdWithInValidCredentials" time="1.804"/>
  <testcase classname="com.naveenautomation.pageTests.HomePageTest" name="validateContactUsEnquiryMessage" time="6.753"/>
  <testcase classname="com.naveenautomation.pageTests.HomePageTest" name="validateHomeLogo" time="3.989"/>
  <testcase classname="com.naveenautomation.pageTests.HomePageTest" name="validateUserCanLogout" time="5.568"/>
  <testcase classname="com.naveenautomation.pageTests.HomePageTest" name="validateUserCanReturnProducts" time="7.292"/>
  <testcase classname="com.naveenautomation.pageTests.HomePageTest" name="validateUserCanSortProductByAppleBrand" time="6.255"/>
  <testcase classname="com.naveenautomation.pageTests.HomePageTest" name="validateUserCanSortProductByCanonBrand" time="5.722"/>
  <testcase classname="com.naveenautomation.pageTests.HomePageTest" name="validateUserCanSortProductByHPBrand" time="6.005"/>
  <testcase classname="com.naveenautomation.pageTests.HomePageTest" name="validateUserCanSortProductByHTCBrand" time="6.506"/>
  <testcase classname="com.naveenautomation.pageTests.HomePageTest" name="validateUserCanSortProductByPalmBrand" time="6.444"/>
  <testcase classname="com.naveenautomation.pageTests.HomePageTest" name="validateUserCanSortProductBySonyBrand" time="5.952"/>
  <testcase classname="com.naveenautomation.pageTests.LoginPageTest" name="validateUserCanAccessFwdPwdWithValidCredentials" time="2.833"/>
  <testcase classname="com.naveenautomation.pageTests.LoginPageTest" name="validateUserCanNotLoginWithInValidCredentials" time="1.571"/>
  <testcase classname="com.naveenautomation.pageTests.RegisterPageTest" name="validateUserCannotRegisterNewAccountWithPwdMismatch" time="4.332"/>
  <testcase classname="com.naveenautomation.pageTests.RegisterPageTest" name="validateUserCannotRegisterNewAccountWithRegistedEmail" time="4.271"/>
  <testcase classname="com.naveenautomation.pageTests.RegisterPageTest" name="validateUserCannotRegisterNewAccountWithoutCheckingAgree" time="3.752"/>
</testsuite> <!-- Surefire test -->
