<?xml version="1.0" encoding="UTF-8"?>
<!-- Generated by org.testng.reporters.JUnitXMLReporter -->
<testsuite ignored="20" hostname="LAPTOP-07R9VU7F" failures="1" tests="1" name="Default test" time="32.723" errors="0" timestamp="2023-11-16T17:01:54 EST">
  <testcase classname="com.naveenautomation.pageTests.AccountPageTest" name="validateUserCanRegisterNewAccount" time="4.849">
    <failure type="java.lang.Error">
      <![CDATA[java.lang.Error
at com.naveenautomation.pages.AccountSucessPage.isLoaded(AccountSucessPage.java:32)
at com.naveenautomation.pages.Page.waitForPageToLoad(Page.java:26)
at com.naveenautomation.pages.Page.<init>(Page.java:12)
at com.naveenautomation.pages.AccountSucessPage.<init>(AccountSucessPage.java:11)
at com.naveenautomation.pages.RegisterPage.clickSubmitButton(RegisterPage.java:76)
at com.naveenautomation.pageTests.AccountPageTest.validateUserCanRegisterNewAccount(AccountPageTest.java:134)
at java.base/jdk.internal.reflect.NativeMethodAccessorImpl.invoke0(Native Method)
at java.base/jdk.internal.reflect.NativeMethodAccessorImpl.invoke(NativeMethodAccessorImpl.java:77)
at java.base/jdk.internal.reflect.DelegatingMethodAccessorImpl.invoke(DelegatingMethodAccessorImpl.java:43)
at java.base/java.lang.reflect.Method.invoke(Method.java:568)
at org.testng.internal.invokers.MethodInvocationHelper.invokeMethod(MethodInvocationHelper.java:139)
at org.testng.internal.invokers.TestInvoker.invokeMethod(TestInvoker.java:664)
at org.testng.internal.invokers.TestInvoker.invokeTestMethod(TestInvoker.java:227)
at org.testng.internal.invokers.MethodRunner.runInSequence(MethodRunner.java:50)
at org.testng.internal.invokers.TestInvoker$MethodInvocationAgent.invoke(TestInvoker.java:957)
at org.testng.internal.invokers.TestInvoker.invokeTestMethods(TestInvoker.java:200)
at org.testng.internal.invokers.TestMethodWorker.invokeTestMethods(TestMethodWorker.java:148)
at org.testng.internal.invokers.TestMethodWorker.run(TestMethodWorker.java:128)
at java.base/java.util.ArrayList.forEach(ArrayList.java:1511)
at org.testng.TestRunner.privateRun(TestRunner.java:848)
at org.testng.TestRunner.run(TestRunner.java:621)
at org.testng.SuiteRunner.runTest(SuiteRunner.java:443)
at org.testng.SuiteRunner.runSequentially(SuiteRunner.java:437)
at org.testng.SuiteRunner.privateRun(SuiteRunner.java:397)
at org.testng.SuiteRunner.run(SuiteRunner.java:336)
at org.testng.SuiteRunnerWorker.runSuite(SuiteRunnerWorker.java:52)
at org.testng.SuiteRunnerWorker.run(SuiteRunnerWorker.java:95)
at org.testng.TestNG.runSuitesSequentially(TestNG.java:1280)
at org.testng.TestNG.runSuitesLocally(TestNG.java:1200)
at org.testng.TestNG.runSuites(TestNG.java:1114)
at org.testng.TestNG.run(TestNG.java:1082)
at org.testng.remote.AbstractRemoteTestNG.run(AbstractRemoteTestNG.java:115)
at org.testng.remote.RemoteTestNG.initAndRun(RemoteTestNG.java:251)
at org.testng.remote.RemoteTestNG.main(RemoteTestNG.java:77)
]]>
    </failure>
  </testcase> <!-- validateUserCanRegisterNewAccount -->
  <testcase classname="com.naveenautomation.pageTests.AccountPageTest" name="validateUserCanUnsubscribeNewsLetter" time="0.0">
    <ignored/>
  </testcase> <!-- validateUserCanUnsubscribeNewsLetter -->
  <testcase classname="com.naveenautomation.pageTests.AccountPageTest" name="validateUserCanUpdateEmail" time="0.0">
    <ignored/>
  </testcase> <!-- validateUserCanUpdateEmail -->
  <testcase classname="com.naveenautomation.pageTests.AccountPageTest" name="validateUserAbleToViewRewardPoint" time="0.0">
    <ignored/>
  </testcase> <!-- validateUserAbleToViewRewardPoint -->
  <testcase classname="com.naveenautomation.pageTests.AccountPageTest" name="validateUserAbleToViewOrderHistory" time="0.0">
    <ignored/>
  </testcase> <!-- validateUserAbleToViewOrderHistory -->
  <testcase classname="com.naveenautomation.pageTests.AccountPageTest" name="validateAccountDownloadsMessage" time="0.0">
    <ignored/>
  </testcase> <!-- validateAccountDownloadsMessage -->
  <testcase classname="com.naveenautomation.pageTests.AccountPageTest" name="validatePaymentsMessage" time="0.0">
    <ignored/>
  </testcase> <!-- validatePaymentsMessage -->
  <testcase classname="com.naveenautomation.pageTests.AccountPageTest" name="validateUserCanUpdateLastName" time="0.0">
    <ignored/>
  </testcase> <!-- validateUserCanUpdateLastName -->
  <testcase classname="com.naveenautomation.pageTests.AccountPageTest" name="validateUserCannotUpdateInfoWithEmptyField" time="0.0">
    <ignored/>
  </testcase> <!-- validateUserCannotUpdateInfoWithEmptyField -->
  <testcase classname="com.naveenautomation.pageTests.AccountPageTest" name="validateUserCanUpdatePassword" time="0.0">
    <ignored/>
  </testcase> <!-- validateUserCanUpdatePassword -->
  <testcase classname="com.naveenautomation.pageTests.AccountPageTest" name="validateWishListMessage" time="0.0">
    <ignored/>
  </testcase> <!-- validateWishListMessage -->
  <testcase classname="com.naveenautomation.pageTests.AccountPageTest" name="validateUserCanUpdateFirstName" time="0.0">
    <ignored/>
  </testcase> <!-- validateUserCanUpdateFirstName -->
  <testcase classname="com.naveenautomation.pageTests.AccountPageTest" name="validateUserAbleToViewPreviousOrderDetails" time="0.0">
    <ignored/>
  </testcase> <!-- validateUserAbleToViewPreviousOrderDetails -->
  <testcase classname="com.naveenautomation.pageTests.AccountPageTest" name="validateLoginWithMultipleCredentials" time="0.0">
    <ignored/>
  </testcase> <!-- validateLoginWithMultipleCredentials -->
  <testcase classname="com.naveenautomation.pageTests.AccountPageTest" name="validateProductReturnMessage" time="0.0">
    <ignored/>
  </testcase> <!-- validateProductReturnMessage -->
  <testcase classname="com.naveenautomation.pageTests.AccountPageTest" name="validateUserCannotUpdatePasswordIfPwdMismatch" time="0.0">
    <ignored/>
  </testcase> <!-- validateUserCannotUpdatePasswordIfPwdMismatch -->
  <testcase classname="com.naveenautomation.pageTests.AccountPageTest" name="validateTransactionsPageMessage" time="0.0">
    <ignored/>
  </testcase> <!-- validateTransactionsPageMessage -->
  <testcase classname="com.naveenautomation.pageTests.AccountPageTest" name="validateUserCanUpdateNumber" time="0.0">
    <ignored/>
  </testcase> <!-- validateUserCanUpdateNumber -->
  <testcase classname="com.naveenautomation.pageTests.AccountPageTest" name="validateUserCanLoginWithValidCredentials" time="0.0">
    <ignored/>
  </testcase> <!-- validateUserCanLoginWithValidCredentials -->
  <testcase classname="com.naveenautomation.pageTests.AccountPageTest" name="validateUserCanSubscribeNewsLetter" time="0.0">
    <ignored/>
  </testcase> <!-- validateUserCanSubscribeNewsLetter -->
  <testcase classname="com.naveenautomation.pageTests.AccountPageTest" name="validateUserCanUpdateAffiliateInfo" time="0.0">
    <ignored/>
  </testcase> <!-- validateUserCanUpdateAffiliateInfo -->
</testsuite> <!-- Default test -->
