<?xml version="1.0" encoding="UTF-8"?>
<!-- Generated by org.testng.reporters.JUnitXMLReporter -->
<testsuite ignored="9" hostname="LAPTOP-07R9VU7F" failures="0" tests="1" name="Default test" time="156.937" errors="0" timestamp="2023-10-31T19:32:58 EDT">
  <testcase classname="com.naveenautomation.pageTests.AccountPageTest" name="validateUserCanLoginWithValidCredentials" time="65.162"/>
  <testcase classname="com.naveenautomation.pageTests.AccountPageTest" name="validateAccountDownloadsMessage" time="0.0">
    <ignored/>
  </testcase> <!-- validateAccountDownloadsMessage -->
  <testcase classname="com.naveenautomation.pageTests.AccountPageTest" name="validateUserCanUpdatePersonalInfo" time="0.0">
    <ignored/>
  </testcase> <!-- validateUserCanUpdatePersonalInfo -->
  <testcase classname="com.naveenautomation.pageTests.AccountPageTest" name="validateLoginWithMultipleCredentials" time="0.0">
    <ignored/>
  </testcase> <!-- validateLoginWithMultipleCredentials -->
  <testcase classname="com.naveenautomation.pageTests.AccountPageTest" name="validateProductReturnMessage" time="0.0">
    <ignored/>
  </testcase> <!-- validateProductReturnMessage -->
  <testcase classname="com.naveenautomation.pageTests.AccountPageTest" name="validateTransactionsPageMessage" time="0.0">
    <ignored/>
  </testcase> <!-- validateTransactionsPageMessage -->
  <testcase classname="com.naveenautomation.pageTests.AccountPageTest" name="validateWishListMessage" time="0.0">
    <ignored/>
  </testcase> <!-- validateWishListMessage -->
  <testcase classname="com.naveenautomation.pageTests.AccountPageTest" name="validatePaymentsMessage" time="0.0">
    <ignored/>
  </testcase> <!-- validatePaymentsMessage -->
  <testcase classname="com.naveenautomation.pageTests.AccountPageTest" name="validateUserCanChangePassword" time="0.0">
    <ignored/>
  </testcase> <!-- validateUserCanChangePassword -->
  <testcase classname="com.naveenautomation.pageTests.AccountPageTest" name="validateUserCanSubscribeNewsLetter" time="0.0">
    <ignored/>
  </testcase> <!-- validateUserCanSubscribeNewsLetter -->
</testsuite> <!-- Default test -->
