<?xml version="1.0" encoding="UTF-8"?>
<!-- Generated by org.testng.reporters.JUnitXMLReporter -->
<testsuite ignored="0" hostname="LAPTOP-07R9VU7F" failures="4" tests="38" name="Test" time="481.943" errors="0" timestamp="2023-11-14T23:05:37 EST">
  <testcase classname="com.naveenautomation.pageTests.HomePageTest" name="validateContactUsEnquiryMessage" time="5.708"/>
  <testcase classname="com.naveenautomation.pageTests.HomePageTest" name="validateEmptyCartMessage" time="4.484"/>
  <testcase classname="com.naveenautomation.pageTests.HomePageTest" name="validateUserCanLogout" time="5.454"/>
  <testcase classname="com.naveenautomation.pageTests.HomePageTest" name="validateUserCanReturnProducts" time="6.958"/>
  <testcase classname="com.naveenautomation.pageTests.HomePageTest" name="validateUserCanSortProductByAppleBrand" time="5.575"/>
  <testcase classname="com.naveenautomation.pageTests.HomePageTest" name="validateUserCanSortProductByCanonBrand" time="5.539"/>
  <testcase classname="com.naveenautomation.pageTests.HomePageTest" name="validateUserCanSortProductByHPBrand" time="4.322"/>
  <testcase classname="com.naveenautomation.pageTests.HomePageTest" name="validateUserCanSortProductByHTCBrand" time="5.246"/>
  <testcase classname="com.naveenautomation.pageTests.HomePageTest" name="validateUserCanSortProductByPalmBrand" time="4.653"/>
  <testcase classname="com.naveenautomation.pageTests.HomePageTest" name="validateUserCanSortProductBySonyBrand" time="5.346"/>
  <testcase classname="com.naveenautomation.pageTests.ForgetPasswordTest" name="validateUserCannotChangePwdWithInValidCredentials" time="0.633">
    <skipped/>
  </testcase> <!-- validateUserCannotChangePwdWithInValidCredentials -->
  <testcase classname="com.naveenautomation.pageTests.ForgetPasswordTest" name="validateUserCannotChangePwdWithInValidCredentials" time="0.558">
    <failure type="java.lang.Error">
      <![CDATA[java.lang.Error
at com.naveenautomation.pages.ForgottenPasswordPage.isLoaded(ForgottenPasswordPage.java:38)
at com.naveenautomation.pages.Page.waitForPageToLoad(Page.java:26)
at com.naveenautomation.pages.Page.<init>(Page.java:12)
at com.naveenautomation.pages.ForgottenPasswordPage.<init>(ForgottenPasswordPage.java:13)
at com.naveenautomation.pages.LoginPage.clickForgetPwdLink(LoginPage.java:54)
at com.naveenautomation.pageTests.ForgetPasswordTest.validateUserCannotChangePwdWithInValidCredentials(ForgetPasswordTest.java:25)
at java.base/java.util.ArrayList.forEach(ArrayList.java:1511)
... Removed 27 stack frames]]>
    </failure>
  </testcase> <!-- validateUserCannotChangePwdWithInValidCredentials -->
  <testcase classname="com.naveenautomation.pageTests.LoginPageTest" name="validateUserCanAccessFwdPwdWithValidCredentials" time="0.564">
    <skipped/>
  </testcase> <!-- validateUserCanAccessFwdPwdWithValidCredentials -->
  <testcase classname="com.naveenautomation.pageTests.LoginPageTest" name="validateUserCanAccessFwdPwdWithValidCredentials" time="0.572">
    <failure type="java.lang.Error">
      <![CDATA[java.lang.Error
at com.naveenautomation.pages.ForgottenPasswordPage.isLoaded(ForgottenPasswordPage.java:38)
at com.naveenautomation.pages.Page.waitForPageToLoad(Page.java:26)
at com.naveenautomation.pages.Page.<init>(Page.java:12)
at com.naveenautomation.pages.ForgottenPasswordPage.<init>(ForgottenPasswordPage.java:13)
at com.naveenautomation.pages.LoginPage.clickForgetPwdLink(LoginPage.java:54)
at com.naveenautomation.pageTests.LoginPageTest.validateUserCanAccessFwdPwdWithValidCredentials(LoginPageTest.java:33)
at java.base/java.util.ArrayList.forEach(ArrayList.java:1511)
... Removed 27 stack frames]]>
    </failure>
  </testcase> <!-- validateUserCanAccessFwdPwdWithValidCredentials -->
  <testcase classname="com.naveenautomation.pageTests.LoginPageTest" name="validateUserCanNotLoginWithInValidCredentials" time="1.077">
    <skipped/>
  </testcase> <!-- validateUserCanNotLoginWithInValidCredentials -->
  <testcase classname="com.naveenautomation.pageTests.LoginPageTest" name="validateUserCanNotLoginWithInValidCredentials" time="0.929">
    <failure type="java.lang.Error">
      <![CDATA[java.lang.Error
at com.naveenautomation.pages.AccountPage.isLoaded(AccountPage.java:81)
at com.naveenautomation.pages.Page.waitForPageToLoad(Page.java:26)
at com.naveenautomation.pages.Page.<init>(Page.java:12)
at com.naveenautomation.pages.AccountPage.<init>(AccountPage.java:11)
at com.naveenautomation.pages.LoginPage.SubmitLogin(LoginPage.java:36)
at com.naveenautomation.pageTests.LoginPageTest.validateUserCanNotLoginWithInValidCredentials(LoginPageTest.java:26)
at java.base/java.util.ArrayList.forEach(ArrayList.java:1511)
... Removed 27 stack frames]]>
    </failure>
  </testcase> <!-- validateUserCanNotLoginWithInValidCredentials -->
  <testcase classname="com.naveenautomation.pageTests.AccountPageTest" name="validateAccountDownloadsMessage" time="2.456"/>
  <testcase classname="com.naveenautomation.pageTests.AccountPageTest" name="validateLoginWithMultipleCredentials" time="1.309"/>
  <testcase classname="com.naveenautomation.pageTests.AccountPageTest" name="validateLoginWithMultipleCredentials" time="1.756"/>
  <testcase classname="com.naveenautomation.pageTests.AccountPageTest" name="validateLoginWithMultipleCredentials" time="1.278"/>
  <testcase classname="com.naveenautomation.pageTests.AccountPageTest" name="validatePaymentsMessage" time="2.596"/>
  <testcase classname="com.naveenautomation.pageTests.AccountPageTest" name="validateProductReturnMessage" time="2.531"/>
  <testcase classname="com.naveenautomation.pageTests.AccountPageTest" name="validateTransactionsPageMessage" time="2.37"/>
  <testcase classname="com.naveenautomation.pageTests.AccountPageTest" name="validateUserAbleToViewOrderHistory" time="2.545"/>
  <testcase classname="com.naveenautomation.pageTests.AccountPageTest" name="validateUserAbleToViewPreviousOrderDetails" time="3.691"/>
  <testcase classname="com.naveenautomation.pageTests.AccountPageTest" name="validateUserAbleToViewRewardPoint" time="2.543"/>
  <testcase classname="com.naveenautomation.pageTests.AccountPageTest" name="validateUserCanLoginWithValidCredentials" time="1.351"/>
  <testcase classname="com.naveenautomation.pageTests.AccountPageTest" name="validateUserCanRegisterNewAccount" time="4.452">
    <skipped/>
  </testcase> <!-- validateUserCanRegisterNewAccount -->
  <testcase classname="com.naveenautomation.pageTests.AccountPageTest" name="validateUserCanRegisterNewAccount" time="2.676">
    <failure type="java.lang.Error">
      <![CDATA[java.lang.Error
at com.naveenautomation.pages.AccountSucessPage.isLoaded(AccountSucessPage.java:32)
at com.naveenautomation.pages.Page.waitForPageToLoad(Page.java:26)
at com.naveenautomation.pages.Page.<init>(Page.java:12)
at com.naveenautomation.pages.AccountSucessPage.<init>(AccountSucessPage.java:11)
at com.naveenautomation.pages.RegisterPage.clickSubmitButton(RegisterPage.java:61)
at com.naveenautomation.pageTests.AccountPageTest.validateUserCanRegisterNewAccount(AccountPageTest.java:134)
at java.base/java.util.ArrayList.forEach(ArrayList.java:1511)
... Removed 27 stack frames]]>
    </failure>
  </testcase> <!-- validateUserCanRegisterNewAccount -->
  <testcase classname="com.naveenautomation.pageTests.AccountPageTest" name="validateUserCanSubscribeNewsLetter" time="2.978"/>
  <testcase classname="com.naveenautomation.pageTests.AccountPageTest" name="validateUserCanUnsubscribeNewsLetter" time="3.0"/>
  <testcase classname="com.naveenautomation.pageTests.AccountPageTest" name="validateUserCanUpdateAffiliateInfo" time="2.825"/>
  <testcase classname="com.naveenautomation.pageTests.AccountPageTest" name="validateUserCanUpdateEmail" time="3.412"/>
  <testcase classname="com.naveenautomation.pageTests.AccountPageTest" name="validateUserCanUpdateFirstName" time="3.369"/>
  <testcase classname="com.naveenautomation.pageTests.AccountPageTest" name="validateUserCanUpdateLastName" time="3.352"/>
  <testcase classname="com.naveenautomation.pageTests.AccountPageTest" name="validateUserCanUpdateNumber" time="3.362"/>
  <testcase classname="com.naveenautomation.pageTests.AccountPageTest" name="validateUserCanUpdatePassword" time="2.937"/>
  <testcase classname="com.naveenautomation.pageTests.AccountPageTest" name="validateWishListMessage" time="2.302"/>
</testsuite> <!-- Test -->
