-------------------------------------------------------------------------------
Test set: TestSuite
-------------------------------------------------------------------------------
Tests run: 40, Failures: 1, Errors: 0, Skipped: 0, Time elapsed: 576.114 s <<< FAILURE! - in TestSuite
validateUserCanRegisterNewAccount(com.naveenautomation.pageTests.AccountPageTest)  Time elapsed: 3.17 s  <<< FAILURE!
java.lang.Error
	at com.naveenautomation.pageTests.AccountPageTest.validateUserCanRegisterNewAccount(AccountPageTest.java:134)

