<?xml version="1.0" encoding="UTF-8"?>
<testsuite xmlns:xsi="http://www.w3.org/2001/XMLSchema-instance" xsi:noNamespaceSchemaLocation="https://maven.apache.org/surefire/maven-surefire-plugin/xsd/surefire-test-report.xsd" name="TestSuite" time="518.075" tests="40" errors="0" skipped="0" failures="1">
  <properties>
[...]
</properties>
  <testcase name="validateAccountDownloadsMessage" classname="com.naveenautomation.pageTests.AccountPageTest" time="2.933"/>
  <testcase name="validateLoginWithMultipleCredentials" classname="com.naveenautomation.pageTests.AccountPageTest" time="1.352"/>
  <testcase name="validateLoginWithMultipleCredentials" classname="com.naveenautomation.pageTests.AccountPageTest" time="4.23"/>
  <testcase name="validateLoginWithMultipleCredentials" classname="com.naveenautomation.pageTests.AccountPageTest" time="2.017"/>
  <testcase name="validatePaymentsMessage" classname="com.naveenautomation.pageTests.AccountPageTest" time="3.839"/>
  <testcase name="validateProductReturnMessage" classname="com.naveenautomation.pageTests.AccountPageTest" time="3.781"/>
  <testcase name="validateTransactionsPageMessage" classname="com.naveenautomation.pageTests.AccountPageTest" time="3.896"/>
  <testcase name="validateUserAbleToViewOrderHistory" classname="com.naveenautomation.pageTests.AccountPageTest" time="3.943"/>
  <testcase name="validateUserAbleToViewPreviousOrderDetails" classname="com.naveenautomation.pageTests.AccountPageTest" time="5.604"/>
  <testcase name="validateUserAbleToViewRewardPoint" classname="com.naveenautomation.pageTests.AccountPageTest" time="3.542"/>
  <testcase name="validateUserCanLoginWithValidCredentials" classname="com.naveenautomation.pageTests.AccountPageTest" time="1.708"/>
  <testcase name="validateUserCanRegisterNewAccount" classname="com.naveenautomation.pageTests.AccountPageTest" time="4.247">
    <failure type="java.lang.Error">java.lang.Error
	at com.naveenautomation.pageTests.AccountPageTest.validateUserCanRegisterNewAccount(AccountPageTest.java:134)
</failure>
    <system-out><![CDATA[Checking URL: Contains: https://naveenautomationlabs.com/opencart/index.php?route=account/register; Actual: https://naveenautomationlabs.com/opencart/index.php?route=account/register
Checking URL: Contains: https://naveenautomationlabs.com/opencart/index.php?route=account/success; Actual: https://naveenautomationlabs.com/opencart/index.php?route=account/register
]]></system-out>
    <system-err><![CDATA[Starting ChromeDriver 119.0.6045.105 (38c72552c5e15ba9b3117c0967a0fd105072d7c6-refs/branch-heads/6045@{#1103}) on port 22096
Only local connections are allowed.
Please see https://chromedriver.chromium.org/security-considerations for suggestions on keeping ChromeDriver safe.
ChromeDriver was started successfully.
Nov 18, 2023 9:46:57 AM org.openqa.selenium.remote.ProtocolHandshake createSession
INFO: Detected dialect: W3C
]]></system-err>
  </testcase>
  <testcase name="validateUserCanSubscribeNewsLetter" classname="com.naveenautomation.pageTests.AccountPageTest" time="4.355"/>
  <testcase name="validateUserCanUnsubscribeNewsLetter" classname="com.naveenautomation.pageTests.AccountPageTest" time="4.026"/>
  <testcase name="validateUserCanUpdateAffiliateInfo" classname="com.naveenautomation.pageTests.AccountPageTest" time="4.163"/>
  <testcase name="validateUserCanUpdateEmail" classname="com.naveenautomation.pageTests.AccountPageTest" time="5.227"/>
  <testcase name="validateUserCanUpdateFirstName" classname="com.naveenautomation.pageTests.AccountPageTest" time="4.752"/>
  <testcase name="validateUserCanUpdateLastName" classname="com.naveenautomation.pageTests.AccountPageTest" time="4.9"/>
  <testcase name="validateUserCanUpdateNumber" classname="com.naveenautomation.pageTests.AccountPageTest" time="4.593"/>
  <testcase name="validateUserCanUpdatePassword" classname="com.naveenautomation.pageTests.AccountPageTest" time="4.516"/>
  <testcase name="validateUserCannotUpdateInfoWithEmptyField" classname="com.naveenautomation.pageTests.AccountPageTest" time="6.519"/>
  <testcase name="validateUserCannotUpdatePasswordIfPwdMismatch" classname="com.naveenautomation.pageTests.AccountPageTest" time="4.437"/>
  <testcase name="validateWishListMessage" classname="com.naveenautomation.pageTests.AccountPageTest" time="3.261"/>
  <testcase name="validateUserCanUpdateAddress" classname="com.naveenautomation.pageTests.AddressBookTest" time="6.003"/>
  <testcase name="validateUserCannotChangePwdWithInValidCredentials" classname="com.naveenautomation.pageTests.ForgetPasswordTest" time="1.803"/>
  <testcase name="validateContactUsEnquiryMessage" classname="com.naveenautomation.pageTests.HomePageTest" time="6.752"/>
  <testcase name="validateHomeLogo" classname="com.naveenautomation.pageTests.HomePageTest" time="3.989"/>
  <testcase name="validateUserCanLogout" classname="com.naveenautomation.pageTests.HomePageTest" time="5.568"/>
  <testcase name="validateUserCanReturnProducts" classname="com.naveenautomation.pageTests.HomePageTest" time="7.292"/>
  <testcase name="validateUserCanSortProductByAppleBrand" classname="com.naveenautomation.pageTests.HomePageTest" time="6.254"/>
  <testcase name="validateUserCanSortProductByCanonBrand" classname="com.naveenautomation.pageTests.HomePageTest" time="5.723"/>
  <testcase name="validateUserCanSortProductByHPBrand" classname="com.naveenautomation.pageTests.HomePageTest" time="6.006"/>
  <testcase name="validateUserCanSortProductByHTCBrand" classname="com.naveenautomation.pageTests.HomePageTest" time="6.506"/>
  <testcase name="validateUserCanSortProductByPalmBrand" classname="com.naveenautomation.pageTests.HomePageTest" time="6.445"/>
  <testcase name="validateUserCanSortProductBySonyBrand" classname="com.naveenautomation.pageTests.HomePageTest" time="5.955"/>
  <testcase name="validateUserCanAccessFwdPwdWithValidCredentials" classname="com.naveenautomation.pageTests.LoginPageTest" time="2.832"/>
  <testcase name="validateUserCanNotLoginWithInValidCredentials" classname="com.naveenautomation.pageTests.LoginPageTest" time="1.571"/>
  <testcase name="validateUserCannotRegisterNewAccountWithPwdMismatch" classname="com.naveenautomation.pageTests.RegisterPageTest" time="4.332"/>
  <testcase name="validateUserCannotRegisterNewAccountWithRegistedEmail" classname="com.naveenautomation.pageTests.RegisterPageTest" time="4.272"/>
  <testcase name="validateUserCannotRegisterNewAccountWithoutCheckingAgree" classname="com.naveenautomation.pageTests.RegisterPageTest" time="3.75"/>
</testsuite>