<?xml version="1.0" encoding="UTF-8"?>
<testng-results ignored="0" total="40" passed="39" failed="1" skipped="0">
  <reporter-output>
  </reporter-output>
  <suite started-at="2023-11-16T00:09:40Z" name="Surefire suite" finished-at="2023-11-16T00:19:15Z" duration-ms="574866">
    <groups>
    </groups>
    <test started-at="2023-11-16T00:09:40Z" name="Surefire test" finished-at="2023-11-16T00:19:15Z" duration-ms="574866">
      <class name="com.naveenautomation.pageTests.HomePageTest">
        <test-method is-config="true" signature="loggerSteup()[pri:0, instance:com.naveenautomation.pageTests.HomePageTest@6302bbb1]" started-at="2023-11-16T00:15:30Z" name="loggerSteup" finished-at="2023-11-16T00:15:30Z" duration-ms="3" status="PASS">
          <reporter-output>
          </reporter-output>
        </test-method> <!-- loggerSteup -->
        <test-method is-config="true" signature="launch()[pri:0, instance:com.naveenautomation.pageTests.HomePageTest@6302bbb1]" started-at="2023-11-16T00:15:30Z" name="launch" finished-at="2023-11-16T00:15:42Z" duration-ms="11724" status="PASS">
          <reporter-output>
          </reporter-output>
        </test-method> <!-- launch -->
        <test-method signature="validateContactUsEnquiryMessage()[pri:0, instance:com.naveenautomation.pageTests.HomePageTest@6302bbb1]" started-at="2023-11-16T00:15:42Z" name="validateContactUsEnquiryMessage" finished-at="2023-11-16T00:15:49Z" duration-ms="6597" status="PASS">
          <reporter-output>
          </reporter-output>
        </test-method> <!-- validateContactUsEnquiryMessage -->
        <test-method is-config="true" signature="quitBrowser()[pri:0, instance:com.naveenautomation.pageTests.HomePageTest@6302bbb1]" started-at="2023-11-16T00:15:49Z" name="quitBrowser" finished-at="2023-11-16T00:15:49Z" duration-ms="272" status="PASS">
          <reporter-output>
          </reporter-output>
        </test-method> <!-- quitBrowser -->
        <test-method is-config="true" signature="launch()[pri:0, instance:com.naveenautomation.pageTests.HomePageTest@6302bbb1]" started-at="2023-11-16T00:15:49Z" name="launch" finished-at="2023-11-16T00:15:57Z" duration-ms="8424" status="PASS">
          <reporter-output>
          </reporter-output>
        </test-method> <!-- launch -->
        <test-method signature="validateHomeLogo()[pri:0, instance:com.naveenautomation.pageTests.HomePageTest@6302bbb1]" started-at="2023-11-16T00:15:57Z" name="validateHomeLogo" finished-at="2023-11-16T00:16:02Z" duration-ms="4880" status="PASS">
          <reporter-output>
          </reporter-output>
        </test-method> <!-- validateHomeLogo -->
        <test-method is-config="true" signature="quitBrowser()[pri:0, instance:com.naveenautomation.pageTests.HomePageTest@6302bbb1]" started-at="2023-11-16T00:16:02Z" name="quitBrowser" finished-at="2023-11-16T00:16:02Z" duration-ms="179" status="PASS">
          <reporter-output>
          </reporter-output>
        </test-method> <!-- quitBrowser -->
        <test-method is-config="true" signature="launch()[pri:0, instance:com.naveenautomation.pageTests.HomePageTest@6302bbb1]" started-at="2023-11-16T00:16:02Z" name="launch" finished-at="2023-11-16T00:16:11Z" duration-ms="9008" status="PASS">
          <reporter-output>
          </reporter-output>
        </test-method> <!-- launch -->
        <test-method signature="validateUserCanLogout()[pri:0, instance:com.naveenautomation.pageTests.HomePageTest@6302bbb1]" started-at="2023-11-16T00:16:11Z" name="validateUserCanLogout" finished-at="2023-11-16T00:16:17Z" duration-ms="5432" status="PASS">
          <reporter-output>
          </reporter-output>
        </test-method> <!-- validateUserCanLogout -->
        <test-method is-config="true" signature="quitBrowser()[pri:0, instance:com.naveenautomation.pageTests.HomePageTest@6302bbb1]" started-at="2023-11-16T00:16:17Z" name="quitBrowser" finished-at="2023-11-16T00:16:17Z" duration-ms="198" status="PASS">
          <reporter-output>
          </reporter-output>
        </test-method> <!-- quitBrowser -->
        <test-method is-config="true" signature="launch()[pri:0, instance:com.naveenautomation.pageTests.HomePageTest@6302bbb1]" started-at="2023-11-16T00:16:17Z" name="launch" finished-at="2023-11-16T00:16:26Z" duration-ms="8782" status="PASS">
          <reporter-output>
          </reporter-output>
        </test-method> <!-- launch -->
        <test-method signature="validateUserCanReturnProducts()[pri:0, instance:com.naveenautomation.pageTests.HomePageTest@6302bbb1]" started-at="2023-11-16T00:16:26Z" name="validateUserCanReturnProducts" finished-at="2023-11-16T00:16:33Z" duration-ms="7254" status="PASS">
          <reporter-output>
          </reporter-output>
        </test-method> <!-- validateUserCanReturnProducts -->
        <test-method is-config="true" signature="quitBrowser()[pri:0, instance:com.naveenautomation.pageTests.HomePageTest@6302bbb1]" started-at="2023-11-16T00:16:33Z" name="quitBrowser" finished-at="2023-11-16T00:16:33Z" duration-ms="245" status="PASS">
          <reporter-output>
          </reporter-output>
        </test-method> <!-- quitBrowser -->
        <test-method is-config="true" signature="launch()[pri:0, instance:com.naveenautomation.pageTests.HomePageTest@6302bbb1]" started-at="2023-11-16T00:16:33Z" name="launch" finished-at="2023-11-16T00:16:45Z" duration-ms="11996" status="PASS">
          <reporter-output>
          </reporter-output>
        </test-method> <!-- launch -->
        <test-method signature="validateUserCanSortProductByAppleBrand()[pri:0, instance:com.naveenautomation.pageTests.HomePageTest@6302bbb1]" started-at="2023-11-16T00:16:45Z" name="validateUserCanSortProductByAppleBrand" finished-at="2023-11-16T00:16:53Z" duration-ms="7932" status="PASS">
          <reporter-output>
          </reporter-output>
        </test-method> <!-- validateUserCanSortProductByAppleBrand -->
        <test-method is-config="true" signature="quitBrowser()[pri:0, instance:com.naveenautomation.pageTests.HomePageTest@6302bbb1]" started-at="2023-11-16T00:16:53Z" name="quitBrowser" finished-at="2023-11-16T00:16:53Z" duration-ms="222" status="PASS">
          <reporter-output>
          </reporter-output>
        </test-method> <!-- quitBrowser -->
        <test-method is-config="true" signature="launch()[pri:0, instance:com.naveenautomation.pageTests.HomePageTest@6302bbb1]" started-at="2023-11-16T00:16:53Z" name="launch" finished-at="2023-11-16T00:17:04Z" duration-ms="10246" status="PASS">
          <reporter-output>
          </reporter-output>
        </test-method> <!-- launch -->
        <test-method signature="validateUserCanSortProductByCanonBrand()[pri:0, instance:com.naveenautomation.pageTests.HomePageTest@6302bbb1]" started-at="2023-11-16T00:17:04Z" name="validateUserCanSortProductByCanonBrand" finished-at="2023-11-16T00:17:10Z" duration-ms="6340" status="PASS">
          <reporter-output>
          </reporter-output>
        </test-method> <!-- validateUserCanSortProductByCanonBrand -->
        <test-method is-config="true" signature="quitBrowser()[pri:0, instance:com.naveenautomation.pageTests.HomePageTest@6302bbb1]" started-at="2023-11-16T00:17:10Z" name="quitBrowser" finished-at="2023-11-16T00:17:10Z" duration-ms="380" status="PASS">
          <reporter-output>
          </reporter-output>
        </test-method> <!-- quitBrowser -->
        <test-method is-config="true" signature="launch()[pri:0, instance:com.naveenautomation.pageTests.HomePageTest@6302bbb1]" started-at="2023-11-16T00:17:10Z" name="launch" finished-at="2023-11-16T00:17:20Z" duration-ms="10104" status="PASS">
          <reporter-output>
          </reporter-output>
        </test-method> <!-- launch -->
        <test-method signature="validateUserCanSortProductByHPBrand()[pri:0, instance:com.naveenautomation.pageTests.HomePageTest@6302bbb1]" started-at="2023-11-16T00:17:20Z" name="validateUserCanSortProductByHPBrand" finished-at="2023-11-16T00:17:26Z" duration-ms="5414" status="PASS">
          <reporter-output>
          </reporter-output>
        </test-method> <!-- validateUserCanSortProductByHPBrand -->
        <test-method is-config="true" signature="quitBrowser()[pri:0, instance:com.naveenautomation.pageTests.HomePageTest@6302bbb1]" started-at="2023-11-16T00:17:26Z" name="quitBrowser" finished-at="2023-11-16T00:17:26Z" duration-ms="189" status="PASS">
          <reporter-output>
          </reporter-output>
        </test-method> <!-- quitBrowser -->
        <test-method is-config="true" signature="launch()[pri:0, instance:com.naveenautomation.pageTests.HomePageTest@6302bbb1]" started-at="2023-11-16T00:17:26Z" name="launch" finished-at="2023-11-16T00:17:35Z" duration-ms="8887" status="PASS">
          <reporter-output>
          </reporter-output>
        </test-method> <!-- launch -->
        <test-method signature="validateUserCanSortProductByHTCBrand()[pri:0, instance:com.naveenautomation.pageTests.HomePageTest@6302bbb1]" started-at="2023-11-16T00:17:35Z" name="validateUserCanSortProductByHTCBrand" finished-at="2023-11-16T00:17:41Z" duration-ms="5645" status="PASS">
          <reporter-output>
          </reporter-output>
        </test-method> <!-- validateUserCanSortProductByHTCBrand -->
        <test-method is-config="true" signature="quitBrowser()[pri:0, instance:com.naveenautomation.pageTests.HomePageTest@6302bbb1]" started-at="2023-11-16T00:17:41Z" name="quitBrowser" finished-at="2023-11-16T00:17:41Z" duration-ms="174" status="PASS">
          <reporter-output>
          </reporter-output>
        </test-method> <!-- quitBrowser -->
        <test-method is-config="true" signature="launch()[pri:0, instance:com.naveenautomation.pageTests.HomePageTest@6302bbb1]" started-at="2023-11-16T00:17:41Z" name="launch" finished-at="2023-11-16T00:17:50Z" duration-ms="8905" status="PASS">
          <reporter-output>
          </reporter-output>
        </test-method> <!-- launch -->
        <test-method signature="validateUserCanSortProductByPalmBrand()[pri:0, instance:com.naveenautomation.pageTests.HomePageTest@6302bbb1]" started-at="2023-11-16T00:17:50Z" name="validateUserCanSortProductByPalmBrand" finished-at="2023-11-16T00:17:56Z" duration-ms="5974" status="PASS">
          <reporter-output>
          </reporter-output>
        </test-method> <!-- validateUserCanSortProductByPalmBrand -->
        <test-method is-config="true" signature="quitBrowser()[pri:0, instance:com.naveenautomation.pageTests.HomePageTest@6302bbb1]" started-at="2023-11-16T00:17:56Z" name="quitBrowser" finished-at="2023-11-16T00:17:56Z" duration-ms="154" status="PASS">
          <reporter-output>
          </reporter-output>
        </test-method> <!-- quitBrowser -->
        <test-method is-config="true" signature="launch()[pri:0, instance:com.naveenautomation.pageTests.HomePageTest@6302bbb1]" started-at="2023-11-16T00:17:56Z" name="launch" finished-at="2023-11-16T00:18:07Z" duration-ms="11206" status="PASS">
          <reporter-output>
          </reporter-output>
        </test-method> <!-- launch -->
        <test-method signature="validateUserCanSortProductBySonyBrand()[pri:0, instance:com.naveenautomation.pageTests.HomePageTest@6302bbb1]" started-at="2023-11-16T00:18:07Z" name="validateUserCanSortProductBySonyBrand" finished-at="2023-11-16T00:18:12Z" duration-ms="4888" status="PASS">
          <reporter-output>
          </reporter-output>
        </test-method> <!-- validateUserCanSortProductBySonyBrand -->
        <test-method is-config="true" signature="quitBrowser()[pri:0, instance:com.naveenautomation.pageTests.HomePageTest@6302bbb1]" started-at="2023-11-16T00:18:12Z" name="quitBrowser" finished-at="2023-11-16T00:18:12Z" duration-ms="168" status="PASS">
          <reporter-output>
          </reporter-output>
        </test-method> <!-- quitBrowser -->
      </class> <!-- com.naveenautomation.pageTests.HomePageTest -->
      <class name="com.naveenautomation.pageTests.AccountPageTest">
        <test-method is-config="true" signature="loggerSteup()[pri:0, instance:com.naveenautomation.pageTests.AccountPageTest@4562e04d]" started-at="2023-11-16T00:09:41Z" name="loggerSteup" finished-at="2023-11-16T00:09:41Z" duration-ms="216" status="PASS">
          <reporter-output>
          </reporter-output>
        </test-method> <!-- loggerSteup -->
        <test-method is-config="true" signature="launch()[pri:0, instance:com.naveenautomation.pageTests.AccountPageTest@4562e04d]" started-at="2023-11-16T00:09:41Z" name="launch" finished-at="2023-11-16T00:09:59Z" duration-ms="18495" status="PASS">
          <reporter-output>
          </reporter-output>
        </test-method> <!-- launch -->
        <test-method signature="validateAccountDownloadsMessage()[pri:0, instance:com.naveenautomation.pageTests.AccountPageTest@4562e04d]" started-at="2023-11-16T00:09:59Z" name="validateAccountDownloadsMessage" finished-at="2023-11-16T00:10:02Z" duration-ms="3139" status="PASS">
          <reporter-output>
          </reporter-output>
        </test-method> <!-- validateAccountDownloadsMessage -->
        <test-method is-config="true" signature="quitBrowser()[pri:0, instance:com.naveenautomation.pageTests.AccountPageTest@4562e04d]" started-at="2023-11-16T00:10:02Z" name="quitBrowser" finished-at="2023-11-16T00:10:03Z" duration-ms="238" status="PASS">
          <reporter-output>
          </reporter-output>
        </test-method> <!-- quitBrowser -->
        <test-method is-config="true" signature="launch()[pri:0, instance:com.naveenautomation.pageTests.AccountPageTest@4562e04d]" started-at="2023-11-16T00:10:04Z" name="launch" finished-at="2023-11-16T00:10:17Z" duration-ms="13117" status="PASS">
          <reporter-output>
          </reporter-output>
        </test-method> <!-- launch -->
        <test-method signature="validateLoginWithMultipleCredentials(java.lang.String, java.lang.String)[pri:0, instance:com.naveenautomation.pageTests.AccountPageTest@4562e04d]" started-at="2023-11-16T00:10:17Z" name="validateLoginWithMultipleCredentials" data-provider="UserCredentials" finished-at="2023-11-16T00:10:19Z" duration-ms="1628" status="PASS">
          <params>
            <param index="0">
              <value>
                <![CDATA[navenncxe@gmail.com]]>
              </value>
            </param>
            <param index="1">
              <value>
                <![CDATA[abcd]]>
              </value>
            </param>
          </params>
          <reporter-output>
          </reporter-output>
        </test-method> <!-- validateLoginWithMultipleCredentials -->
        <test-method is-config="true" signature="quitBrowser()[pri:0, instance:com.naveenautomation.pageTests.AccountPageTest@4562e04d]" started-at="2023-11-16T00:10:19Z" name="quitBrowser" finished-at="2023-11-16T00:10:19Z" duration-ms="185" status="PASS">
          <reporter-output>
          </reporter-output>
        </test-method> <!-- quitBrowser -->
        <test-method is-config="true" signature="launch()[pri:0, instance:com.naveenautomation.pageTests.AccountPageTest@4562e04d]" started-at="2023-11-16T00:10:19Z" name="launch" finished-at="2023-11-16T00:10:30Z" duration-ms="10637" status="PASS">
          <reporter-output>
          </reporter-output>
        </test-method> <!-- launch -->
        <test-method signature="validateLoginWithMultipleCredentials(java.lang.String, java.lang.String)[pri:0, instance:com.naveenautomation.pageTests.AccountPageTest@4562e04d]" started-at="2023-11-16T00:10:30Z" name="validateLoginWithMultipleCredentials" data-provider="UserCredentials" finished-at="2023-11-16T00:10:32Z" duration-ms="1745" status="PASS">
          <params>
            <param index="0">
              <value>
                <![CDATA[andreas@email.com]]>
              </value>
            </param>
            <param index="1">
              <value>
                <![CDATA[qwerty]]>
              </value>
            </param>
          </params>
          <reporter-output>
          </reporter-output>
        </test-method> <!-- validateLoginWithMultipleCredentials -->
        <test-method is-config="true" signature="quitBrowser()[pri:0, instance:com.naveenautomation.pageTests.AccountPageTest@4562e04d]" started-at="2023-11-16T00:10:32Z" name="quitBrowser" finished-at="2023-11-16T00:10:32Z" duration-ms="446" status="PASS">
          <reporter-output>
          </reporter-output>
        </test-method> <!-- quitBrowser -->
        <test-method is-config="true" signature="launch()[pri:0, instance:com.naveenautomation.pageTests.AccountPageTest@4562e04d]" started-at="2023-11-16T00:10:32Z" name="launch" finished-at="2023-11-16T00:10:42Z" duration-ms="9633" status="PASS">
          <reporter-output>
          </reporter-output>
        </test-method> <!-- launch -->
        <test-method signature="validateLoginWithMultipleCredentials(java.lang.String, java.lang.String)[pri:0, instance:com.naveenautomation.pageTests.AccountPageTest@4562e04d]" started-at="2023-11-16T00:10:42Z" name="validateLoginWithMultipleCredentials" data-provider="UserCredentials" finished-at="2023-11-16T00:10:43Z" duration-ms="1692" status="PASS">
          <params>
            <param index="0">
              <value>
                <![CDATA[naveen@email.com]]>
              </value>
            </param>
            <param index="1">
              <value>
                <![CDATA[abcd]]>
              </value>
            </param>
          </params>
          <reporter-output>
          </reporter-output>
        </test-method> <!-- validateLoginWithMultipleCredentials -->
        <test-method is-config="true" signature="quitBrowser()[pri:0, instance:com.naveenautomation.pageTests.AccountPageTest@4562e04d]" started-at="2023-11-16T00:10:43Z" name="quitBrowser" finished-at="2023-11-16T00:10:44Z" duration-ms="388" status="PASS">
          <reporter-output>
          </reporter-output>
        </test-method> <!-- quitBrowser -->
        <test-method is-config="true" signature="launch()[pri:0, instance:com.naveenautomation.pageTests.AccountPageTest@4562e04d]" started-at="2023-11-16T00:10:44Z" name="launch" finished-at="2023-11-16T00:10:53Z" duration-ms="8932" status="PASS">
          <reporter-output>
          </reporter-output>
        </test-method> <!-- launch -->
        <test-method signature="validatePaymentsMessage()[pri:0, instance:com.naveenautomation.pageTests.AccountPageTest@4562e04d]" started-at="2023-11-16T00:10:53Z" name="validatePaymentsMessage" finished-at="2023-11-16T00:10:56Z" duration-ms="3103" status="PASS">
          <reporter-output>
          </reporter-output>
        </test-method> <!-- validatePaymentsMessage -->
        <test-method is-config="true" signature="quitBrowser()[pri:0, instance:com.naveenautomation.pageTests.AccountPageTest@4562e04d]" started-at="2023-11-16T00:10:56Z" name="quitBrowser" finished-at="2023-11-16T00:10:56Z" duration-ms="419" status="PASS">
          <reporter-output>
          </reporter-output>
        </test-method> <!-- quitBrowser -->
        <test-method is-config="true" signature="launch()[pri:0, instance:com.naveenautomation.pageTests.AccountPageTest@4562e04d]" started-at="2023-11-16T00:10:56Z" name="launch" finished-at="2023-11-16T00:11:06Z" duration-ms="10028" status="PASS">
          <reporter-output>
          </reporter-output>
        </test-method> <!-- launch -->
        <test-method signature="validateProductReturnMessage()[pri:0, instance:com.naveenautomation.pageTests.AccountPageTest@4562e04d]" started-at="2023-11-16T00:11:06Z" name="validateProductReturnMessage" finished-at="2023-11-16T00:11:10Z" duration-ms="3467" status="PASS">
          <reporter-output>
          </reporter-output>
        </test-method> <!-- validateProductReturnMessage -->
        <test-method is-config="true" signature="quitBrowser()[pri:0, instance:com.naveenautomation.pageTests.AccountPageTest@4562e04d]" started-at="2023-11-16T00:11:10Z" name="quitBrowser" finished-at="2023-11-16T00:11:10Z" duration-ms="166" status="PASS">
          <reporter-output>
          </reporter-output>
        </test-method> <!-- quitBrowser -->
        <test-method is-config="true" signature="launch()[pri:0, instance:com.naveenautomation.pageTests.AccountPageTest@4562e04d]" started-at="2023-11-16T00:11:10Z" name="launch" finished-at="2023-11-16T00:11:19Z" duration-ms="8862" status="PASS">
          <reporter-output>
          </reporter-output>
        </test-method> <!-- launch -->
        <test-method signature="validateTransactionsPageMessage()[pri:0, instance:com.naveenautomation.pageTests.AccountPageTest@4562e04d]" started-at="2023-11-16T00:11:19Z" name="validateTransactionsPageMessage" finished-at="2023-11-16T00:11:22Z" duration-ms="3209" status="PASS">
          <reporter-output>
          </reporter-output>
        </test-method> <!-- validateTransactionsPageMessage -->
        <test-method is-config="true" signature="quitBrowser()[pri:0, instance:com.naveenautomation.pageTests.AccountPageTest@4562e04d]" started-at="2023-11-16T00:11:22Z" name="quitBrowser" finished-at="2023-11-16T00:11:22Z" duration-ms="173" status="PASS">
          <reporter-output>
          </reporter-output>
        </test-method> <!-- quitBrowser -->
        <test-method is-config="true" signature="launch()[pri:0, instance:com.naveenautomation.pageTests.AccountPageTest@4562e04d]" started-at="2023-11-16T00:11:22Z" name="launch" finished-at="2023-11-16T00:11:32Z" duration-ms="9657" status="PASS">
          <reporter-output>
          </reporter-output>
        </test-method> <!-- launch -->
        <test-method signature="validateUserAbleToViewOrderHistory()[pri:0, instance:com.naveenautomation.pageTests.AccountPageTest@4562e04d]" started-at="2023-11-16T00:11:32Z" name="validateUserAbleToViewOrderHistory" finished-at="2023-11-16T00:11:35Z" duration-ms="3275" status="PASS">
          <reporter-output>
          </reporter-output>
        </test-method> <!-- validateUserAbleToViewOrderHistory -->
        <test-method is-config="true" signature="quitBrowser()[pri:0, instance:com.naveenautomation.pageTests.AccountPageTest@4562e04d]" started-at="2023-11-16T00:11:35Z" name="quitBrowser" finished-at="2023-11-16T00:11:35Z" duration-ms="167" status="PASS">
          <reporter-output>
          </reporter-output>
        </test-method> <!-- quitBrowser -->
        <test-method is-config="true" signature="launch()[pri:0, instance:com.naveenautomation.pageTests.AccountPageTest@4562e04d]" started-at="2023-11-16T00:11:35Z" name="launch" finished-at="2023-11-16T00:11:44Z" duration-ms="9160" status="PASS">
          <reporter-output>
          </reporter-output>
        </test-method> <!-- launch -->
        <test-method signature="validateUserAbleToViewPreviousOrderDetails()[pri:0, instance:com.naveenautomation.pageTests.AccountPageTest@4562e04d]" started-at="2023-11-16T00:11:44Z" name="validateUserAbleToViewPreviousOrderDetails" finished-at="2023-11-16T00:11:49Z" duration-ms="4573" status="PASS">
          <reporter-output>
          </reporter-output>
        </test-method> <!-- validateUserAbleToViewPreviousOrderDetails -->
        <test-method is-config="true" signature="quitBrowser()[pri:0, instance:com.naveenautomation.pageTests.AccountPageTest@4562e04d]" started-at="2023-11-16T00:11:49Z" name="quitBrowser" finished-at="2023-11-16T00:11:49Z" duration-ms="327" status="PASS">
          <reporter-output>
          </reporter-output>
        </test-method> <!-- quitBrowser -->
        <test-method is-config="true" signature="launch()[pri:0, instance:com.naveenautomation.pageTests.AccountPageTest@4562e04d]" started-at="2023-11-16T00:11:49Z" name="launch" finished-at="2023-11-16T00:11:57Z" duration-ms="7793" status="PASS">
          <reporter-output>
          </reporter-output>
        </test-method> <!-- launch -->
        <test-method signature="validateUserAbleToViewRewardPoint()[pri:0, instance:com.naveenautomation.pageTests.AccountPageTest@4562e04d]" started-at="2023-11-16T00:11:57Z" name="validateUserAbleToViewRewardPoint" finished-at="2023-11-16T00:12:00Z" duration-ms="3182" status="PASS">
          <reporter-output>
          </reporter-output>
        </test-method> <!-- validateUserAbleToViewRewardPoint -->
        <test-method is-config="true" signature="quitBrowser()[pri:0, instance:com.naveenautomation.pageTests.AccountPageTest@4562e04d]" started-at="2023-11-16T00:12:00Z" name="quitBrowser" finished-at="2023-11-16T00:12:00Z" duration-ms="188" status="PASS">
          <reporter-output>
          </reporter-output>
        </test-method> <!-- quitBrowser -->
        <test-method is-config="true" signature="launch()[pri:0, instance:com.naveenautomation.pageTests.AccountPageTest@4562e04d]" started-at="2023-11-16T00:12:00Z" name="launch" finished-at="2023-11-16T00:12:09Z" duration-ms="8660" status="PASS">
          <reporter-output>
          </reporter-output>
        </test-method> <!-- launch -->
        <test-method signature="validateUserCanLoginWithValidCredentials()[pri:0, instance:com.naveenautomation.pageTests.AccountPageTest@4562e04d]" started-at="2023-11-16T00:12:09Z" name="validateUserCanLoginWithValidCredentials" finished-at="2023-11-16T00:12:11Z" duration-ms="1600" status="PASS">
          <reporter-output>
          </reporter-output>
        </test-method> <!-- validateUserCanLoginWithValidCredentials -->
        <test-method is-config="true" signature="quitBrowser()[pri:0, instance:com.naveenautomation.pageTests.AccountPageTest@4562e04d]" started-at="2023-11-16T00:12:11Z" name="quitBrowser" finished-at="2023-11-16T00:12:11Z" duration-ms="194" status="PASS">
          <reporter-output>
          </reporter-output>
        </test-method> <!-- quitBrowser -->
        <test-method is-config="true" signature="launch()[pri:0, instance:com.naveenautomation.pageTests.AccountPageTest@4562e04d]" started-at="2023-11-16T00:12:11Z" name="launch" finished-at="2023-11-16T00:12:19Z" duration-ms="7881" status="PASS">
          <reporter-output>
          </reporter-output>
        </test-method> <!-- launch -->
        <test-method signature="validateUserCanRegisterNewAccount()[pri:0, instance:com.naveenautomation.pageTests.AccountPageTest@4562e04d]" started-at="2023-11-16T00:12:19Z" name="validateUserCanRegisterNewAccount" finished-at="2023-11-16T00:12:22Z" duration-ms="3107" status="FAIL">
          <exception class="java.lang.Error">
            <full-stacktrace>
              <![CDATA[java.lang.Error
at com.naveenautomation.pages.AccountSucessPage.isLoaded(AccountSucessPage.java:32)
at com.naveenautomation.pages.Page.waitForPageToLoad(Page.java:26)
at com.naveenautomation.pages.Page.<init>(Page.java:12)
at com.naveenautomation.pages.AccountSucessPage.<init>(AccountSucessPage.java:11)
at com.naveenautomation.pages.RegisterPage.clickSubmitButton(RegisterPage.java:76)
at com.naveenautomation.pageTests.AccountPageTest.validateUserCanRegisterNewAccount(AccountPageTest.java:134)
at java.base/jdk.internal.reflect.NativeMethodAccessorImpl.invoke0(Native Method)
at java.base/jdk.internal.reflect.NativeMethodAccessorImpl.invoke(NativeMethodAccessorImpl.java:62)
at java.base/jdk.internal.reflect.DelegatingMethodAccessorImpl.invoke(DelegatingMethodAccessorImpl.java:43)
at java.base/java.lang.reflect.Method.invoke(Method.java:566)
at org.testng.internal.MethodInvocationHelper.invokeMethod(MethodInvocationHelper.java:124)
at org.testng.internal.Invoker.invokeMethod(Invoker.java:583)
at org.testng.internal.Invoker.invokeTestMethod(Invoker.java:719)
at org.testng.internal.Invoker.invokeTestMethods(Invoker.java:989)
at org.testng.internal.TestMethodWorker.invokeTestMethods(TestMethodWorker.java:125)
at org.testng.internal.TestMethodWorker.run(TestMethodWorker.java:109)
at org.testng.TestRunner.privateRun(TestRunner.java:648)
at org.testng.TestRunner.run(TestRunner.java:505)
at org.testng.SuiteRunner.runTest(SuiteRunner.java:455)
at org.testng.SuiteRunner.runSequentially(SuiteRunner.java:450)
at org.testng.SuiteRunner.privateRun(SuiteRunner.java:415)
at org.testng.SuiteRunner.run(SuiteRunner.java:364)
at org.testng.SuiteRunnerWorker.runSuite(SuiteRunnerWorker.java:52)
at org.testng.SuiteRunnerWorker.run(SuiteRunnerWorker.java:84)
at org.testng.TestNG.runSuitesSequentially(TestNG.java:1208)
at org.testng.TestNG.runSuitesLocally(TestNG.java:1137)
at org.testng.TestNG.runSuites(TestNG.java:1049)
at org.testng.TestNG.run(TestNG.java:1017)
at org.apache.maven.surefire.testng.TestNGExecutor.run(TestNGExecutor.java:135)
at org.apache.maven.surefire.testng.TestNGDirectoryTestSuite.executeMulti(TestNGDirectoryTestSuite.java:193)
at org.apache.maven.surefire.testng.TestNGDirectoryTestSuite.execute(TestNGDirectoryTestSuite.java:94)
at org.apache.maven.surefire.testng.TestNGProvider.invoke(TestNGProvider.java:146)
at org.apache.maven.surefire.booter.ForkedBooter.invokeProviderInSameClassLoader(ForkedBooter.java:384)
at org.apache.maven.surefire.booter.ForkedBooter.runSuitesInProcess(ForkedBooter.java:345)
at org.apache.maven.surefire.booter.ForkedBooter.execute(ForkedBooter.java:126)
at org.apache.maven.surefire.booter.ForkedBooter.main(ForkedBooter.java:418)
]]>
            </full-stacktrace>
          </exception> <!-- java.lang.Error -->
          <reporter-output>
          </reporter-output>
        </test-method> <!-- validateUserCanRegisterNewAccount -->
        <test-method is-config="true" signature="quitBrowser()[pri:0, instance:com.naveenautomation.pageTests.AccountPageTest@4562e04d]" started-at="2023-11-16T00:12:22Z" name="quitBrowser" finished-at="2023-11-16T00:12:22Z" duration-ms="175" status="PASS">
          <reporter-output>
          </reporter-output>
        </test-method> <!-- quitBrowser -->
        <test-method is-config="true" signature="launch()[pri:0, instance:com.naveenautomation.pageTests.AccountPageTest@4562e04d]" started-at="2023-11-16T00:12:22Z" name="launch" finished-at="2023-11-16T00:12:33Z" duration-ms="10493" status="PASS">
          <reporter-output>
          </reporter-output>
        </test-method> <!-- launch -->
        <test-method signature="validateUserCanSubscribeNewsLetter()[pri:0, instance:com.naveenautomation.pageTests.AccountPageTest@4562e04d]" started-at="2023-11-16T00:12:33Z" name="validateUserCanSubscribeNewsLetter" finished-at="2023-11-16T00:12:37Z" duration-ms="4403" status="PASS">
          <reporter-output>
          </reporter-output>
        </test-method> <!-- validateUserCanSubscribeNewsLetter -->
        <test-method is-config="true" signature="quitBrowser()[pri:0, instance:com.naveenautomation.pageTests.AccountPageTest@4562e04d]" started-at="2023-11-16T00:12:37Z" name="quitBrowser" finished-at="2023-11-16T00:12:37Z" duration-ms="213" status="PASS">
          <reporter-output>
          </reporter-output>
        </test-method> <!-- quitBrowser -->
        <test-method is-config="true" signature="launch()[pri:0, instance:com.naveenautomation.pageTests.AccountPageTest@4562e04d]" started-at="2023-11-16T00:12:37Z" name="launch" finished-at="2023-11-16T00:12:50Z" duration-ms="13238" status="PASS">
          <reporter-output>
          </reporter-output>
        </test-method> <!-- launch -->
        <test-method signature="validateUserCanUnsubscribeNewsLetter()[pri:0, instance:com.naveenautomation.pageTests.AccountPageTest@4562e04d]" started-at="2023-11-16T00:12:50Z" name="validateUserCanUnsubscribeNewsLetter" finished-at="2023-11-16T00:12:55Z" duration-ms="4247" status="PASS">
          <reporter-output>
          </reporter-output>
        </test-method> <!-- validateUserCanUnsubscribeNewsLetter -->
        <test-method is-config="true" signature="quitBrowser()[pri:0, instance:com.naveenautomation.pageTests.AccountPageTest@4562e04d]" started-at="2023-11-16T00:12:55Z" name="quitBrowser" finished-at="2023-11-16T00:12:55Z" duration-ms="681" status="PASS">
          <reporter-output>
          </reporter-output>
        </test-method> <!-- quitBrowser -->
        <test-method is-config="true" signature="launch()[pri:0, instance:com.naveenautomation.pageTests.AccountPageTest@4562e04d]" started-at="2023-11-16T00:12:55Z" name="launch" finished-at="2023-11-16T00:13:07Z" duration-ms="11765" status="PASS">
          <reporter-output>
          </reporter-output>
        </test-method> <!-- launch -->
        <test-method signature="validateUserCanUpdateAffiliateInfo()[pri:0, instance:com.naveenautomation.pageTests.AccountPageTest@4562e04d]" started-at="2023-11-16T00:13:07Z" name="validateUserCanUpdateAffiliateInfo" finished-at="2023-11-16T00:13:11Z" duration-ms="3580" status="PASS">
          <reporter-output>
          </reporter-output>
        </test-method> <!-- validateUserCanUpdateAffiliateInfo -->
        <test-method is-config="true" signature="quitBrowser()[pri:0, instance:com.naveenautomation.pageTests.AccountPageTest@4562e04d]" started-at="2023-11-16T00:13:11Z" name="quitBrowser" finished-at="2023-11-16T00:13:11Z" duration-ms="265" status="PASS">
          <reporter-output>
          </reporter-output>
        </test-method> <!-- quitBrowser -->
        <test-method is-config="true" signature="launch()[pri:0, instance:com.naveenautomation.pageTests.AccountPageTest@4562e04d]" started-at="2023-11-16T00:13:11Z" name="launch" finished-at="2023-11-16T00:13:22Z" duration-ms="10738" status="PASS">
          <reporter-output>
          </reporter-output>
        </test-method> <!-- launch -->
        <test-method signature="validateUserCanUpdateEmail()[pri:0, instance:com.naveenautomation.pageTests.AccountPageTest@4562e04d]" started-at="2023-11-16T00:13:22Z" name="validateUserCanUpdateEmail" finished-at="2023-11-16T00:13:27Z" duration-ms="5042" status="PASS">
          <reporter-output>
          </reporter-output>
        </test-method> <!-- validateUserCanUpdateEmail -->
        <test-method is-config="true" signature="quitBrowser()[pri:0, instance:com.naveenautomation.pageTests.AccountPageTest@4562e04d]" started-at="2023-11-16T00:13:27Z" name="quitBrowser" finished-at="2023-11-16T00:13:27Z" duration-ms="228" status="PASS">
          <reporter-output>
          </reporter-output>
        </test-method> <!-- quitBrowser -->
        <test-method is-config="true" signature="launch()[pri:0, instance:com.naveenautomation.pageTests.AccountPageTest@4562e04d]" started-at="2023-11-16T00:13:27Z" name="launch" finished-at="2023-11-16T00:13:40Z" duration-ms="13194" status="PASS">
          <reporter-output>
          </reporter-output>
        </test-method> <!-- launch -->
        <test-method signature="validateUserCanUpdateFirstName()[pri:0, instance:com.naveenautomation.pageTests.AccountPageTest@4562e04d]" started-at="2023-11-16T00:13:40Z" name="validateUserCanUpdateFirstName" finished-at="2023-11-16T00:13:45Z" duration-ms="4447" status="PASS">
          <reporter-output>
          </reporter-output>
        </test-method> <!-- validateUserCanUpdateFirstName -->
        <test-method is-config="true" signature="quitBrowser()[pri:0, instance:com.naveenautomation.pageTests.AccountPageTest@4562e04d]" started-at="2023-11-16T00:13:45Z" name="quitBrowser" finished-at="2023-11-16T00:13:45Z" duration-ms="250" status="PASS">
          <reporter-output>
          </reporter-output>
        </test-method> <!-- quitBrowser -->
        <test-method is-config="true" signature="launch()[pri:0, instance:com.naveenautomation.pageTests.AccountPageTest@4562e04d]" started-at="2023-11-16T00:13:45Z" name="launch" finished-at="2023-11-16T00:13:53Z" duration-ms="8257" status="PASS">
          <reporter-output>
          </reporter-output>
        </test-method> <!-- launch -->
        <test-method signature="validateUserCanUpdateLastName()[pri:0, instance:com.naveenautomation.pageTests.AccountPageTest@4562e04d]" started-at="2023-11-16T00:13:53Z" name="validateUserCanUpdateLastName" finished-at="2023-11-16T00:13:57Z" duration-ms="4199" status="PASS">
          <reporter-output>
          </reporter-output>
        </test-method> <!-- validateUserCanUpdateLastName -->
        <test-method is-config="true" signature="quitBrowser()[pri:0, instance:com.naveenautomation.pageTests.AccountPageTest@4562e04d]" started-at="2023-11-16T00:13:57Z" name="quitBrowser" finished-at="2023-11-16T00:13:57Z" duration-ms="205" status="PASS">
          <reporter-output>
          </reporter-output>
        </test-method> <!-- quitBrowser -->
        <test-method is-config="true" signature="launch()[pri:0, instance:com.naveenautomation.pageTests.AccountPageTest@4562e04d]" started-at="2023-11-16T00:13:57Z" name="launch" finished-at="2023-11-16T00:14:06Z" duration-ms="8712" status="PASS">
          <reporter-output>
          </reporter-output>
        </test-method> <!-- launch -->
        <test-method signature="validateUserCanUpdateNumber()[pri:0, instance:com.naveenautomation.pageTests.AccountPageTest@4562e04d]" started-at="2023-11-16T00:14:06Z" name="validateUserCanUpdateNumber" finished-at="2023-11-16T00:14:11Z" duration-ms="4789" status="PASS">
          <reporter-output>
          </reporter-output>
        </test-method> <!-- validateUserCanUpdateNumber -->
        <test-method is-config="true" signature="quitBrowser()[pri:0, instance:com.naveenautomation.pageTests.AccountPageTest@4562e04d]" started-at="2023-11-16T00:14:11Z" name="quitBrowser" finished-at="2023-11-16T00:14:11Z" duration-ms="223" status="PASS">
          <reporter-output>
          </reporter-output>
        </test-method> <!-- quitBrowser -->
        <test-method is-config="true" signature="launch()[pri:0, instance:com.naveenautomation.pageTests.AccountPageTest@4562e04d]" started-at="2023-11-16T00:14:11Z" name="launch" finished-at="2023-11-16T00:14:20Z" duration-ms="9138" status="PASS">
          <reporter-output>
          </reporter-output>
        </test-method> <!-- launch -->
        <test-method signature="validateUserCanUpdatePassword()[pri:0, instance:com.naveenautomation.pageTests.AccountPageTest@4562e04d]" started-at="2023-11-16T00:14:20Z" name="validateUserCanUpdatePassword" finished-at="2023-11-16T00:14:24Z" duration-ms="3551" status="PASS">
          <reporter-output>
          </reporter-output>
        </test-method> <!-- validateUserCanUpdatePassword -->
        <test-method is-config="true" signature="quitBrowser()[pri:0, instance:com.naveenautomation.pageTests.AccountPageTest@4562e04d]" started-at="2023-11-16T00:14:24Z" name="quitBrowser" finished-at="2023-11-16T00:14:24Z" duration-ms="492" status="PASS">
          <reporter-output>
          </reporter-output>
        </test-method> <!-- quitBrowser -->
        <test-method is-config="true" signature="launch()[pri:0, instance:com.naveenautomation.pageTests.AccountPageTest@4562e04d]" started-at="2023-11-16T00:14:24Z" name="launch" finished-at="2023-11-16T00:14:34Z" duration-ms="9234" status="PASS">
          <reporter-output>
          </reporter-output>
        </test-method> <!-- launch -->
        <test-method signature="validateUserCannotUpdateInfoWithEmptyField()[pri:0, instance:com.naveenautomation.pageTests.AccountPageTest@4562e04d]" started-at="2023-11-16T00:14:34Z" name="validateUserCannotUpdateInfoWithEmptyField" finished-at="2023-11-16T00:14:39Z" duration-ms="5405" status="PASS">
          <reporter-output>
          </reporter-output>
        </test-method> <!-- validateUserCannotUpdateInfoWithEmptyField -->
        <test-method is-config="true" signature="quitBrowser()[pri:0, instance:com.naveenautomation.pageTests.AccountPageTest@4562e04d]" started-at="2023-11-16T00:14:39Z" name="quitBrowser" finished-at="2023-11-16T00:14:39Z" duration-ms="250" status="PASS">
          <reporter-output>
          </reporter-output>
        </test-method> <!-- quitBrowser -->
        <test-method is-config="true" signature="launch()[pri:0, instance:com.naveenautomation.pageTests.AccountPageTest@4562e04d]" started-at="2023-11-16T00:14:39Z" name="launch" finished-at="2023-11-16T00:14:50Z" duration-ms="10282" status="PASS">
          <reporter-output>
          </reporter-output>
        </test-method> <!-- launch -->
        <test-method signature="validateUserCannotUpdatePasswordIfPwdMismatch()[pri:0, instance:com.naveenautomation.pageTests.AccountPageTest@4562e04d]" started-at="2023-11-16T00:14:50Z" name="validateUserCannotUpdatePasswordIfPwdMismatch" finished-at="2023-11-16T00:14:54Z" duration-ms="3944" status="PASS">
          <reporter-output>
          </reporter-output>
        </test-method> <!-- validateUserCannotUpdatePasswordIfPwdMismatch -->
        <test-method is-config="true" signature="quitBrowser()[pri:0, instance:com.naveenautomation.pageTests.AccountPageTest@4562e04d]" started-at="2023-11-16T00:14:54Z" name="quitBrowser" finished-at="2023-11-16T00:14:54Z" duration-ms="323" status="PASS">
          <reporter-output>
          </reporter-output>
        </test-method> <!-- quitBrowser -->
        <test-method is-config="true" signature="launch()[pri:0, instance:com.naveenautomation.pageTests.AccountPageTest@4562e04d]" started-at="2023-11-16T00:14:54Z" name="launch" finished-at="2023-11-16T00:15:04Z" duration-ms="9845" status="PASS">
          <reporter-output>
          </reporter-output>
        </test-method> <!-- launch -->
        <test-method signature="validateWishListMessage()[pri:0, instance:com.naveenautomation.pageTests.AccountPageTest@4562e04d]" started-at="2023-11-16T00:15:04Z" name="validateWishListMessage" finished-at="2023-11-16T00:15:07Z" duration-ms="2980" status="PASS">
          <reporter-output>
          </reporter-output>
        </test-method> <!-- validateWishListMessage -->
        <test-method is-config="true" signature="quitBrowser()[pri:0, instance:com.naveenautomation.pageTests.AccountPageTest@4562e04d]" started-at="2023-11-16T00:15:07Z" name="quitBrowser" finished-at="2023-11-16T00:15:07Z" duration-ms="249" status="PASS">
          <reporter-output>
          </reporter-output>
        </test-method> <!-- quitBrowser -->
      </class> <!-- com.naveenautomation.pageTests.AccountPageTest -->
      <class name="com.naveenautomation.pageTests.AddressBookTest">
        <test-method is-config="true" signature="loggerSteup()[pri:0, instance:com.naveenautomation.pageTests.AddressBookTest@2a65fe7c]" started-at="2023-11-16T00:15:07Z" name="loggerSteup" finished-at="2023-11-16T00:15:07Z" duration-ms="3" status="PASS">
          <reporter-output>
          </reporter-output>
        </test-method> <!-- loggerSteup -->
        <test-method is-config="true" signature="launch()[pri:0, instance:com.naveenautomation.pageTests.AddressBookTest@2a65fe7c]" started-at="2023-11-16T00:15:07Z" name="launch" finished-at="2023-11-16T00:15:15Z" duration-ms="7641" status="PASS">
          <reporter-output>
          </reporter-output>
        </test-method> <!-- launch -->
        <test-method signature="validateUserCanUpdateAddress()[pri:0, instance:com.naveenautomation.pageTests.AddressBookTest@2a65fe7c]" started-at="2023-11-16T00:15:15Z" name="validateUserCanUpdateAddress" finished-at="2023-11-16T00:15:20Z" duration-ms="5089" status="PASS">
          <reporter-output>
          </reporter-output>
        </test-method> <!-- validateUserCanUpdateAddress -->
        <test-method is-config="true" signature="quitBrowser()[pri:0, instance:com.naveenautomation.pageTests.AddressBookTest@2a65fe7c]" started-at="2023-11-16T00:15:20Z" name="quitBrowser" finished-at="2023-11-16T00:15:20Z" duration-ms="145" status="PASS">
          <reporter-output>
          </reporter-output>
        </test-method> <!-- quitBrowser -->
      </class> <!-- com.naveenautomation.pageTests.AddressBookTest -->
      <class name="com.naveenautomation.pageTests.RegisterPageTest">
        <test-method is-config="true" signature="loggerSteup()[pri:0, instance:com.naveenautomation.pageTests.RegisterPageTest@34a3d150]" started-at="2023-11-16T00:18:34Z" name="loggerSteup" finished-at="2023-11-16T00:18:34Z" duration-ms="0" status="PASS">
          <reporter-output>
          </reporter-output>
        </test-method> <!-- loggerSteup -->
        <test-method is-config="true" signature="launch()[pri:0, instance:com.naveenautomation.pageTests.RegisterPageTest@34a3d150]" started-at="2023-11-16T00:18:34Z" name="launch" finished-at="2023-11-16T00:18:42Z" duration-ms="7929" status="PASS">
          <reporter-output>
          </reporter-output>
        </test-method> <!-- launch -->
        <test-method signature="validateUserCannotRegisterNewAccountWithPwdMismatch()[pri:0, instance:com.naveenautomation.pageTests.RegisterPageTest@34a3d150]" started-at="2023-11-16T00:18:42Z" name="validateUserCannotRegisterNewAccountWithPwdMismatch" finished-at="2023-11-16T00:18:45Z" duration-ms="2525" status="PASS">
          <reporter-output>
          </reporter-output>
        </test-method> <!-- validateUserCannotRegisterNewAccountWithPwdMismatch -->
        <test-method is-config="true" signature="quitBrowser()[pri:0, instance:com.naveenautomation.pageTests.RegisterPageTest@34a3d150]" started-at="2023-11-16T00:18:45Z" name="quitBrowser" finished-at="2023-11-16T00:18:45Z" duration-ms="101" status="PASS">
          <reporter-output>
          </reporter-output>
        </test-method> <!-- quitBrowser -->
        <test-method is-config="true" signature="launch()[pri:0, instance:com.naveenautomation.pageTests.RegisterPageTest@34a3d150]" started-at="2023-11-16T00:18:45Z" name="launch" finished-at="2023-11-16T00:18:55Z" duration-ms="10495" status="PASS">
          <reporter-output>
          </reporter-output>
        </test-method> <!-- launch -->
        <test-method signature="validateUserCannotRegisterNewAccountWithRegistedEmail()[pri:0, instance:com.naveenautomation.pageTests.RegisterPageTest@34a3d150]" started-at="2023-11-16T00:18:55Z" name="validateUserCannotRegisterNewAccountWithRegistedEmail" finished-at="2023-11-16T00:18:58Z" duration-ms="2630" status="PASS">
          <reporter-output>
          </reporter-output>
        </test-method> <!-- validateUserCannotRegisterNewAccountWithRegistedEmail -->
        <test-method is-config="true" signature="quitBrowser()[pri:0, instance:com.naveenautomation.pageTests.RegisterPageTest@34a3d150]" started-at="2023-11-16T00:18:58Z" name="quitBrowser" finished-at="2023-11-16T00:18:58Z" duration-ms="124" status="PASS">
          <reporter-output>
          </reporter-output>
        </test-method> <!-- quitBrowser -->
        <test-method is-config="true" signature="launch()[pri:0, instance:com.naveenautomation.pageTests.RegisterPageTest@34a3d150]" started-at="2023-11-16T00:18:58Z" name="launch" finished-at="2023-11-16T00:19:12Z" duration-ms="13415" status="PASS">
          <reporter-output>
          </reporter-output>
        </test-method> <!-- launch -->
        <test-method signature="validateUserCannotRegisterNewAccountWithoutCheckingAgree()[pri:0, instance:com.naveenautomation.pageTests.RegisterPageTest@34a3d150]" started-at="2023-11-16T00:19:12Z" name="validateUserCannotRegisterNewAccountWithoutCheckingAgree" finished-at="2023-11-16T00:19:15Z" duration-ms="2955" status="PASS">
          <reporter-output>
          </reporter-output>
        </test-method> <!-- validateUserCannotRegisterNewAccountWithoutCheckingAgree -->
        <test-method is-config="true" signature="quitBrowser()[pri:0, instance:com.naveenautomation.pageTests.RegisterPageTest@34a3d150]" started-at="2023-11-16T00:19:15Z" name="quitBrowser" finished-at="2023-11-16T00:19:15Z" duration-ms="851" status="PASS">
          <reporter-output>
          </reporter-output>
        </test-method> <!-- quitBrowser -->
      </class> <!-- com.naveenautomation.pageTests.RegisterPageTest -->
      <class name="com.naveenautomation.pageTests.ForgetPasswordTest">
        <test-method is-config="true" signature="loggerSteup()[pri:0, instance:com.naveenautomation.pageTests.ForgetPasswordTest@4135c3b]" started-at="2023-11-16T00:15:20Z" name="loggerSteup" finished-at="2023-11-16T00:15:20Z" duration-ms="2" status="PASS">
          <reporter-output>
          </reporter-output>
        </test-method> <!-- loggerSteup -->
        <test-method is-config="true" signature="launch()[pri:0, instance:com.naveenautomation.pageTests.ForgetPasswordTest@4135c3b]" started-at="2023-11-16T00:15:20Z" name="launch" finished-at="2023-11-16T00:15:28Z" duration-ms="8665" status="PASS">
          <reporter-output>
          </reporter-output>
        </test-method> <!-- launch -->
        <test-method signature="validateUserCannotChangePwdWithInValidCredentials()[pri:0, instance:com.naveenautomation.pageTests.ForgetPasswordTest@4135c3b]" started-at="2023-11-16T00:15:28Z" name="validateUserCannotChangePwdWithInValidCredentials" finished-at="2023-11-16T00:15:30Z" duration-ms="1650" status="PASS">
          <reporter-output>
          </reporter-output>
        </test-method> <!-- validateUserCannotChangePwdWithInValidCredentials -->
        <test-method is-config="true" signature="quitBrowser()[pri:0, instance:com.naveenautomation.pageTests.ForgetPasswordTest@4135c3b]" started-at="2023-11-16T00:15:30Z" name="quitBrowser" finished-at="2023-11-16T00:15:30Z" duration-ms="139" status="PASS">
          <reporter-output>
          </reporter-output>
        </test-method> <!-- quitBrowser -->
      </class> <!-- com.naveenautomation.pageTests.ForgetPasswordTest -->
      <class name="com.naveenautomation.pageTests.LoginPageTest">
        <test-method is-config="true" signature="loggerSteup()[pri:0, instance:com.naveenautomation.pageTests.LoginPageTest@31304f14]" started-at="2023-11-16T00:18:12Z" name="loggerSteup" finished-at="2023-11-16T00:18:12Z" duration-ms="2" status="PASS">
          <reporter-output>
          </reporter-output>
        </test-method> <!-- loggerSteup -->
        <test-method is-config="true" signature="launch()[pri:0, instance:com.naveenautomation.pageTests.LoginPageTest@31304f14]" started-at="2023-11-16T00:18:12Z" name="launch" finished-at="2023-11-16T00:18:22Z" duration-ms="9694" status="PASS">
          <reporter-output>
          </reporter-output>
        </test-method> <!-- launch -->
        <test-method signature="validateUserCanAccessFwdPwdWithValidCredentials()[pri:0, instance:com.naveenautomation.pageTests.LoginPageTest@31304f14]" started-at="2023-11-16T00:18:22Z" name="validateUserCanAccessFwdPwdWithValidCredentials" finished-at="2023-11-16T00:18:24Z" duration-ms="1939" status="PASS">
          <reporter-output>
          </reporter-output>
        </test-method> <!-- validateUserCanAccessFwdPwdWithValidCredentials -->
        <test-method is-config="true" signature="quitBrowser()[pri:0, instance:com.naveenautomation.pageTests.LoginPageTest@31304f14]" started-at="2023-11-16T00:18:24Z" name="quitBrowser" finished-at="2023-11-16T00:18:24Z" duration-ms="127" status="PASS">
          <reporter-output>
          </reporter-output>
        </test-method> <!-- quitBrowser -->
        <test-method is-config="true" signature="launch()[pri:0, instance:com.naveenautomation.pageTests.LoginPageTest@31304f14]" started-at="2023-11-16T00:18:24Z" name="launch" finished-at="2023-11-16T00:18:33Z" duration-ms="9198" status="PASS">
          <reporter-output>
          </reporter-output>
        </test-method> <!-- launch -->
        <test-method signature="validateUserCanNotLoginWithInValidCredentials()[pri:0, instance:com.naveenautomation.pageTests.LoginPageTest@31304f14]" started-at="2023-11-16T00:18:33Z" name="validateUserCanNotLoginWithInValidCredentials" finished-at="2023-11-16T00:18:34Z" duration-ms="955" status="PASS">
          <reporter-output>
          </reporter-output>
        </test-method> <!-- validateUserCanNotLoginWithInValidCredentials -->
        <test-method is-config="true" signature="quitBrowser()[pri:0, instance:com.naveenautomation.pageTests.LoginPageTest@31304f14]" started-at="2023-11-16T00:18:34Z" name="quitBrowser" finished-at="2023-11-16T00:18:34Z" duration-ms="334" status="PASS">
          <reporter-output>
          </reporter-output>
        </test-method> <!-- quitBrowser -->
      </class> <!-- com.naveenautomation.pageTests.LoginPageTest -->
    </test> <!-- Surefire test -->
  </suite> <!-- Surefire suite -->
</testng-results>
