<?xml version="1.0" encoding="UTF-8"?>
<testsuite xmlns:xsi="http://www.w3.org/2001/XMLSchema-instance" xsi:noNamespaceSchemaLocation="https://maven.apache.org/surefire/maven-surefire-plugin/xsd/surefire-test-report.xsd" name="TestSuite" time="576.114" tests="40" errors="0" skipped="0" failures="1">
  <properties>
[...]
</properties>
  <testcase name="validateAccountDownloadsMessage" classname="com.naveenautomation.pageTests.AccountPageTest" time="3.139"/>
  <testcase name="validateLoginWithMultipleCredentials" classname="com.naveenautomation.pageTests.AccountPageTest" time="1.628"/>
  <testcase name="validateLoginWithMultipleCredentials" classname="com.naveenautomation.pageTests.AccountPageTest" time="1.744"/>
  <testcase name="validateLoginWithMultipleCredentials" classname="com.naveenautomation.pageTests.AccountPageTest" time="1.692"/>
  <testcase name="validatePaymentsMessage" classname="com.naveenautomation.pageTests.AccountPageTest" time="3.103"/>
  <testcase name="validateProductReturnMessage" classname="com.naveenautomation.pageTests.AccountPageTest" time="3.467"/>
  <testcase name="validateTransactionsPageMessage" classname="com.naveenautomation.pageTests.AccountPageTest" time="3.209"/>
  <testcase name="validateUserAbleToViewOrderHistory" classname="com.naveenautomation.pageTests.AccountPageTest" time="3.275"/>
  <testcase name="validateUserAbleToViewPreviousOrderDetails" classname="com.naveenautomation.pageTests.AccountPageTest" time="4.571"/>
  <testcase name="validateUserAbleToViewRewardPoint" classname="com.naveenautomation.pageTests.AccountPageTest" time="3.183"/>
  <testcase name="validateUserCanLoginWithValidCredentials" classname="com.naveenautomation.pageTests.AccountPageTest" time="1.599"/>
  <testcase name="validateUserCanRegisterNewAccount" classname="com.naveenautomation.pageTests.AccountPageTest" time="3.17">
    <failure type="java.lang.Error">java.lang.Error
	at com.naveenautomation.pageTests.AccountPageTest.validateUserCanRegisterNewAccount(AccountPageTest.java:134)
</failure>
    <system-out><![CDATA[Checking URL: Contains: https://naveenautomationlabs.com/opencart/index.php?route=account/register; Actual: https://naveenautomationlabs.com/opencart/index.php?route=account/register
Checking URL: Contains: https://naveenautomationlabs.com/opencart/index.php?route=account/success; Actual: https://naveenautomationlabs.com/opencart/index.php?route=account/register
]]></system-out>
    <system-err><![CDATA[Starting ChromeDriver 119.0.6045.105 (38c72552c5e15ba9b3117c0967a0fd105072d7c6-refs/branch-heads/6045@{#1103}) on port 34907
Only local connections are allowed.
Please see https://chromedriver.chromium.org/security-considerations for suggestions on keeping ChromeDriver safe.
ChromeDriver was started successfully.
Nov 15, 2023 7:12:14 PM org.openqa.selenium.remote.ProtocolHandshake createSession
INFO: Detected dialect: W3C
]]></system-err>
  </testcase>
  <testcase name="validateUserCanSubscribeNewsLetter" classname="com.naveenautomation.pageTests.AccountPageTest" time="4.403"/>
  <testcase name="validateUserCanUnsubscribeNewsLetter" classname="com.naveenautomation.pageTests.AccountPageTest" time="4.247"/>
  <testcase name="validateUserCanUpdateAffiliateInfo" classname="com.naveenautomation.pageTests.AccountPageTest" time="3.58"/>
  <testcase name="validateUserCanUpdateEmail" classname="com.naveenautomation.pageTests.AccountPageTest" time="5.041"/>
  <testcase name="validateUserCanUpdateFirstName" classname="com.naveenautomation.pageTests.AccountPageTest" time="4.447"/>
  <testcase name="validateUserCanUpdateLastName" classname="com.naveenautomation.pageTests.AccountPageTest" time="4.199"/>
  <testcase name="validateUserCanUpdateNumber" classname="com.naveenautomation.pageTests.AccountPageTest" time="4.789"/>
  <testcase name="validateUserCanUpdatePassword" classname="com.naveenautomation.pageTests.AccountPageTest" time="3.552"/>
  <testcase name="validateUserCannotUpdateInfoWithEmptyField" classname="com.naveenautomation.pageTests.AccountPageTest" time="5.405"/>
  <testcase name="validateUserCannotUpdatePasswordIfPwdMismatch" classname="com.naveenautomation.pageTests.AccountPageTest" time="3.944"/>
  <testcase name="validateWishListMessage" classname="com.naveenautomation.pageTests.AccountPageTest" time="2.98"/>
  <testcase name="validateUserCanUpdateAddress" classname="com.naveenautomation.pageTests.AddressBookTest" time="5.09"/>
  <testcase name="validateUserCannotChangePwdWithInValidCredentials" classname="com.naveenautomation.pageTests.ForgetPasswordTest" time="1.65"/>
  <testcase name="validateContactUsEnquiryMessage" classname="com.naveenautomation.pageTests.HomePageTest" time="6.596"/>
  <testcase name="validateHomeLogo" classname="com.naveenautomation.pageTests.HomePageTest" time="4.88"/>
  <testcase name="validateUserCanLogout" classname="com.naveenautomation.pageTests.HomePageTest" time="5.432"/>
  <testcase name="validateUserCanReturnProducts" classname="com.naveenautomation.pageTests.HomePageTest" time="7.254"/>
  <testcase name="validateUserCanSortProductByAppleBrand" classname="com.naveenautomation.pageTests.HomePageTest" time="7.933"/>
  <testcase name="validateUserCanSortProductByCanonBrand" classname="com.naveenautomation.pageTests.HomePageTest" time="6.339"/>
  <testcase name="validateUserCanSortProductByHPBrand" classname="com.naveenautomation.pageTests.HomePageTest" time="5.413"/>
  <testcase name="validateUserCanSortProductByHTCBrand" classname="com.naveenautomation.pageTests.HomePageTest" time="5.644"/>
  <testcase name="validateUserCanSortProductByPalmBrand" classname="com.naveenautomation.pageTests.HomePageTest" time="5.974"/>
  <testcase name="validateUserCanSortProductBySonyBrand" classname="com.naveenautomation.pageTests.HomePageTest" time="4.888"/>
  <testcase name="validateUserCanAccessFwdPwdWithValidCredentials" classname="com.naveenautomation.pageTests.LoginPageTest" time="1.939"/>
  <testcase name="validateUserCanNotLoginWithInValidCredentials" classname="com.naveenautomation.pageTests.LoginPageTest" time="0.955"/>
  <testcase name="validateUserCannotRegisterNewAccountWithPwdMismatch" classname="com.naveenautomation.pageTests.RegisterPageTest" time="2.525"/>
  <testcase name="validateUserCannotRegisterNewAccountWithRegistedEmail" classname="com.naveenautomation.pageTests.RegisterPageTest" time="2.631"/>
  <testcase name="validateUserCannotRegisterNewAccountWithoutCheckingAgree" classname="com.naveenautomation.pageTests.RegisterPageTest" time="2.955"/>
</testsuite>