<?xml version="1.0" encoding="UTF-8"?>
<testng-results ignored="0" total="40" passed="39" failed="1" skipped="0">
  <reporter-output>
  </reporter-output>
  <suite started-at="2023-11-18T14:44:30Z" name="Surefire suite" finished-at="2023-11-18T14:53:07Z" duration-ms="516833">
    <groups>
    </groups>
    <test started-at="2023-11-18T14:44:30Z" name="Surefire test" finished-at="2023-11-18T14:53:07Z" duration-ms="516833">
      <class name="com.naveenautomation.pageTests.HomePageTest">
        <test-method is-config="true" signature="loggerSteup()[pri:0, instance:com.naveenautomation.pageTests.HomePageTest@4c371370]" started-at="2023-11-18T14:49:51Z" name="loggerSteup" finished-at="2023-11-18T14:49:51Z" duration-ms="3" status="PASS">
          <reporter-output>
          </reporter-output>
        </test-method> <!-- loggerSteup -->
        <test-method is-config="true" signature="launch()[pri:0, instance:com.naveenautomation.pageTests.HomePageTest@4c371370]" started-at="2023-11-18T14:49:51Z" name="launch" finished-at="2023-11-18T14:49:59Z" duration-ms="7911" status="PASS">
          <reporter-output>
          </reporter-output>
        </test-method> <!-- launch -->
        <test-method signature="validateContactUsEnquiryMessage()[pri:0, instance:com.naveenautomation.pageTests.HomePageTest@4c371370]" started-at="2023-11-18T14:49:59Z" name="validateContactUsEnquiryMessage" finished-at="2023-11-18T14:50:06Z" duration-ms="6753" status="PASS">
          <reporter-output>
          </reporter-output>
        </test-method> <!-- validateContactUsEnquiryMessage -->
        <test-method is-config="true" signature="quitBrowser()[pri:0, instance:com.naveenautomation.pageTests.HomePageTest@4c371370]" started-at="2023-11-18T14:50:06Z" name="quitBrowser" finished-at="2023-11-18T14:50:06Z" duration-ms="246" status="PASS">
          <reporter-output>
          </reporter-output>
        </test-method> <!-- quitBrowser -->
        <test-method is-config="true" signature="launch()[pri:0, instance:com.naveenautomation.pageTests.HomePageTest@4c371370]" started-at="2023-11-18T14:50:06Z" name="launch" finished-at="2023-11-18T14:50:14Z" duration-ms="7333" status="PASS">
          <reporter-output>
          </reporter-output>
        </test-method> <!-- launch -->
        <test-method signature="validateHomeLogo()[pri:0, instance:com.naveenautomation.pageTests.HomePageTest@4c371370]" started-at="2023-11-18T14:50:14Z" name="validateHomeLogo" finished-at="2023-11-18T14:50:18Z" duration-ms="3989" status="PASS">
          <reporter-output>
          </reporter-output>
        </test-method> <!-- validateHomeLogo -->
        <test-method is-config="true" signature="quitBrowser()[pri:0, instance:com.naveenautomation.pageTests.HomePageTest@4c371370]" started-at="2023-11-18T14:50:18Z" name="quitBrowser" finished-at="2023-11-18T14:50:18Z" duration-ms="161" status="PASS">
          <reporter-output>
          </reporter-output>
        </test-method> <!-- quitBrowser -->
        <test-method is-config="true" signature="launch()[pri:0, instance:com.naveenautomation.pageTests.HomePageTest@4c371370]" started-at="2023-11-18T14:50:18Z" name="launch" finished-at="2023-11-18T14:50:25Z" duration-ms="6855" status="PASS">
          <reporter-output>
          </reporter-output>
        </test-method> <!-- launch -->
        <test-method signature="validateUserCanLogout()[pri:0, instance:com.naveenautomation.pageTests.HomePageTest@4c371370]" started-at="2023-11-18T14:50:25Z" name="validateUserCanLogout" finished-at="2023-11-18T14:50:30Z" duration-ms="5568" status="PASS">
          <reporter-output>
          </reporter-output>
        </test-method> <!-- validateUserCanLogout -->
        <test-method is-config="true" signature="quitBrowser()[pri:0, instance:com.naveenautomation.pageTests.HomePageTest@4c371370]" started-at="2023-11-18T14:50:30Z" name="quitBrowser" finished-at="2023-11-18T14:50:30Z" duration-ms="162" status="PASS">
          <reporter-output>
          </reporter-output>
        </test-method> <!-- quitBrowser -->
        <test-method is-config="true" signature="launch()[pri:0, instance:com.naveenautomation.pageTests.HomePageTest@4c371370]" started-at="2023-11-18T14:50:30Z" name="launch" finished-at="2023-11-18T14:50:38Z" duration-ms="7488" status="PASS">
          <reporter-output>
          </reporter-output>
        </test-method> <!-- launch -->
        <test-method signature="validateUserCanReturnProducts()[pri:0, instance:com.naveenautomation.pageTests.HomePageTest@4c371370]" started-at="2023-11-18T14:50:38Z" name="validateUserCanReturnProducts" finished-at="2023-11-18T14:50:45Z" duration-ms="7292" status="PASS">
          <reporter-output>
          </reporter-output>
        </test-method> <!-- validateUserCanReturnProducts -->
        <test-method is-config="true" signature="quitBrowser()[pri:0, instance:com.naveenautomation.pageTests.HomePageTest@4c371370]" started-at="2023-11-18T14:50:45Z" name="quitBrowser" finished-at="2023-11-18T14:50:45Z" duration-ms="215" status="PASS">
          <reporter-output>
          </reporter-output>
        </test-method> <!-- quitBrowser -->
        <test-method is-config="true" signature="launch()[pri:0, instance:com.naveenautomation.pageTests.HomePageTest@4c371370]" started-at="2023-11-18T14:50:45Z" name="launch" finished-at="2023-11-18T14:50:53Z" duration-ms="7454" status="PASS">
          <reporter-output>
          </reporter-output>
        </test-method> <!-- launch -->
        <test-method signature="validateUserCanSortProductByAppleBrand()[pri:0, instance:com.naveenautomation.pageTests.HomePageTest@4c371370]" started-at="2023-11-18T14:50:53Z" name="validateUserCanSortProductByAppleBrand" finished-at="2023-11-18T14:50:59Z" duration-ms="6255" status="PASS">
          <reporter-output>
          </reporter-output>
        </test-method> <!-- validateUserCanSortProductByAppleBrand -->
        <test-method is-config="true" signature="quitBrowser()[pri:0, instance:com.naveenautomation.pageTests.HomePageTest@4c371370]" started-at="2023-11-18T14:50:59Z" name="quitBrowser" finished-at="2023-11-18T14:50:59Z" duration-ms="157" status="PASS">
          <reporter-output>
          </reporter-output>
        </test-method> <!-- quitBrowser -->
        <test-method is-config="true" signature="launch()[pri:0, instance:com.naveenautomation.pageTests.HomePageTest@4c371370]" started-at="2023-11-18T14:50:59Z" name="launch" finished-at="2023-11-18T14:51:06Z" duration-ms="6708" status="PASS">
          <reporter-output>
          </reporter-output>
        </test-method> <!-- launch -->
        <test-method signature="validateUserCanSortProductByCanonBrand()[pri:0, instance:com.naveenautomation.pageTests.HomePageTest@4c371370]" started-at="2023-11-18T14:51:06Z" name="validateUserCanSortProductByCanonBrand" finished-at="2023-11-18T14:51:12Z" duration-ms="5722" status="PASS">
          <reporter-output>
          </reporter-output>
        </test-method> <!-- validateUserCanSortProductByCanonBrand -->
        <test-method is-config="true" signature="quitBrowser()[pri:0, instance:com.naveenautomation.pageTests.HomePageTest@4c371370]" started-at="2023-11-18T14:51:12Z" name="quitBrowser" finished-at="2023-11-18T14:51:12Z" duration-ms="133" status="PASS">
          <reporter-output>
          </reporter-output>
        </test-method> <!-- quitBrowser -->
        <test-method is-config="true" signature="launch()[pri:0, instance:com.naveenautomation.pageTests.HomePageTest@4c371370]" started-at="2023-11-18T14:51:12Z" name="launch" finished-at="2023-11-18T14:51:20Z" duration-ms="8347" status="PASS">
          <reporter-output>
          </reporter-output>
        </test-method> <!-- launch -->
        <test-method signature="validateUserCanSortProductByHPBrand()[pri:0, instance:com.naveenautomation.pageTests.HomePageTest@4c371370]" started-at="2023-11-18T14:51:20Z" name="validateUserCanSortProductByHPBrand" finished-at="2023-11-18T14:51:26Z" duration-ms="6005" status="PASS">
          <reporter-output>
          </reporter-output>
        </test-method> <!-- validateUserCanSortProductByHPBrand -->
        <test-method is-config="true" signature="quitBrowser()[pri:0, instance:com.naveenautomation.pageTests.HomePageTest@4c371370]" started-at="2023-11-18T14:51:26Z" name="quitBrowser" finished-at="2023-11-18T14:51:27Z" duration-ms="514" status="PASS">
          <reporter-output>
          </reporter-output>
        </test-method> <!-- quitBrowser -->
        <test-method is-config="true" signature="launch()[pri:0, instance:com.naveenautomation.pageTests.HomePageTest@4c371370]" started-at="2023-11-18T14:51:27Z" name="launch" finished-at="2023-11-18T14:51:35Z" duration-ms="8318" status="PASS">
          <reporter-output>
          </reporter-output>
        </test-method> <!-- launch -->
        <test-method signature="validateUserCanSortProductByHTCBrand()[pri:0, instance:com.naveenautomation.pageTests.HomePageTest@4c371370]" started-at="2023-11-18T14:51:35Z" name="validateUserCanSortProductByHTCBrand" finished-at="2023-11-18T14:51:41Z" duration-ms="6506" status="PASS">
          <reporter-output>
          </reporter-output>
        </test-method> <!-- validateUserCanSortProductByHTCBrand -->
        <test-method is-config="true" signature="quitBrowser()[pri:0, instance:com.naveenautomation.pageTests.HomePageTest@4c371370]" started-at="2023-11-18T14:51:41Z" name="quitBrowser" finished-at="2023-11-18T14:51:42Z" duration-ms="197" status="PASS">
          <reporter-output>
          </reporter-output>
        </test-method> <!-- quitBrowser -->
        <test-method is-config="true" signature="launch()[pri:0, instance:com.naveenautomation.pageTests.HomePageTest@4c371370]" started-at="2023-11-18T14:51:42Z" name="launch" finished-at="2023-11-18T14:51:50Z" duration-ms="8517" status="PASS">
          <reporter-output>
          </reporter-output>
        </test-method> <!-- launch -->
        <test-method signature="validateUserCanSortProductByPalmBrand()[pri:0, instance:com.naveenautomation.pageTests.HomePageTest@4c371370]" started-at="2023-11-18T14:51:50Z" name="validateUserCanSortProductByPalmBrand" finished-at="2023-11-18T14:51:57Z" duration-ms="6444" status="PASS">
          <reporter-output>
          </reporter-output>
        </test-method> <!-- validateUserCanSortProductByPalmBrand -->
        <test-method is-config="true" signature="quitBrowser()[pri:0, instance:com.naveenautomation.pageTests.HomePageTest@4c371370]" started-at="2023-11-18T14:51:57Z" name="quitBrowser" finished-at="2023-11-18T14:51:57Z" duration-ms="230" status="PASS">
          <reporter-output>
          </reporter-output>
        </test-method> <!-- quitBrowser -->
        <test-method is-config="true" signature="launch()[pri:0, instance:com.naveenautomation.pageTests.HomePageTest@4c371370]" started-at="2023-11-18T14:51:57Z" name="launch" finished-at="2023-11-18T14:52:05Z" duration-ms="7956" status="PASS">
          <reporter-output>
          </reporter-output>
        </test-method> <!-- launch -->
        <test-method signature="validateUserCanSortProductBySonyBrand()[pri:0, instance:com.naveenautomation.pageTests.HomePageTest@4c371370]" started-at="2023-11-18T14:52:05Z" name="validateUserCanSortProductBySonyBrand" finished-at="2023-11-18T14:52:11Z" duration-ms="5952" status="PASS">
          <reporter-output>
          </reporter-output>
        </test-method> <!-- validateUserCanSortProductBySonyBrand -->
        <test-method is-config="true" signature="quitBrowser()[pri:0, instance:com.naveenautomation.pageTests.HomePageTest@4c371370]" started-at="2023-11-18T14:52:11Z" name="quitBrowser" finished-at="2023-11-18T14:52:11Z" duration-ms="213" status="PASS">
          <reporter-output>
          </reporter-output>
        </test-method> <!-- quitBrowser -->
      </class> <!-- com.naveenautomation.pageTests.HomePageTest -->
      <class name="com.naveenautomation.pageTests.AccountPageTest">
        <test-method is-config="true" signature="loggerSteup()[pri:0, instance:com.naveenautomation.pageTests.AccountPageTest@689604d9]" started-at="2023-11-18T14:44:30Z" name="loggerSteup" finished-at="2023-11-18T14:44:31Z" duration-ms="150" status="PASS">
          <reporter-output>
          </reporter-output>
        </test-method> <!-- loggerSteup -->
        <test-method is-config="true" signature="launch()[pri:0, instance:com.naveenautomation.pageTests.AccountPageTest@689604d9]" started-at="2023-11-18T14:44:31Z" name="launch" finished-at="2023-11-18T14:44:46Z" duration-ms="15683" status="PASS">
          <reporter-output>
          </reporter-output>
        </test-method> <!-- launch -->
        <test-method signature="validateAccountDownloadsMessage()[pri:0, instance:com.naveenautomation.pageTests.AccountPageTest@689604d9]" started-at="2023-11-18T14:44:46Z" name="validateAccountDownloadsMessage" finished-at="2023-11-18T14:44:49Z" duration-ms="2932" status="PASS">
          <reporter-output>
          </reporter-output>
        </test-method> <!-- validateAccountDownloadsMessage -->
        <test-method is-config="true" signature="quitBrowser()[pri:0, instance:com.naveenautomation.pageTests.AccountPageTest@689604d9]" started-at="2023-11-18T14:44:49Z" name="quitBrowser" finished-at="2023-11-18T14:44:49Z" duration-ms="163" status="PASS">
          <reporter-output>
          </reporter-output>
        </test-method> <!-- quitBrowser -->
        <test-method is-config="true" signature="launch()[pri:0, instance:com.naveenautomation.pageTests.AccountPageTest@689604d9]" started-at="2023-11-18T14:44:51Z" name="launch" finished-at="2023-11-18T14:44:59Z" duration-ms="8497" status="PASS">
          <reporter-output>
          </reporter-output>
        </test-method> <!-- launch -->
        <test-method signature="validateLoginWithMultipleCredentials(java.lang.String, java.lang.String)[pri:0, instance:com.naveenautomation.pageTests.AccountPageTest@689604d9]" started-at="2023-11-18T14:44:59Z" name="validateLoginWithMultipleCredentials" data-provider="UserCredentials" finished-at="2023-11-18T14:45:00Z" duration-ms="1352" status="PASS">
          <params>
            <param index="0">
              <value>
                <![CDATA[navenncxe@gmail.com]]>
              </value>
            </param>
            <param index="1">
              <value>
                <![CDATA[abcd]]>
              </value>
            </param>
          </params>
          <reporter-output>
          </reporter-output>
        </test-method> <!-- validateLoginWithMultipleCredentials -->
        <test-method is-config="true" signature="quitBrowser()[pri:0, instance:com.naveenautomation.pageTests.AccountPageTest@689604d9]" started-at="2023-11-18T14:45:00Z" name="quitBrowser" finished-at="2023-11-18T14:45:01Z" duration-ms="234" status="PASS">
          <reporter-output>
          </reporter-output>
        </test-method> <!-- quitBrowser -->
        <test-method is-config="true" signature="launch()[pri:0, instance:com.naveenautomation.pageTests.AccountPageTest@689604d9]" started-at="2023-11-18T14:45:01Z" name="launch" finished-at="2023-11-18T14:45:09Z" duration-ms="8598" status="PASS">
          <reporter-output>
          </reporter-output>
        </test-method> <!-- launch -->
        <test-method signature="validateLoginWithMultipleCredentials(java.lang.String, java.lang.String)[pri:0, instance:com.naveenautomation.pageTests.AccountPageTest@689604d9]" started-at="2023-11-18T14:45:09Z" name="validateLoginWithMultipleCredentials" data-provider="UserCredentials" finished-at="2023-11-18T14:45:13Z" duration-ms="4230" status="PASS">
          <params>
            <param index="0">
              <value>
                <![CDATA[andreas@email.com]]>
              </value>
            </param>
            <param index="1">
              <value>
                <![CDATA[qwerty]]>
              </value>
            </param>
          </params>
          <reporter-output>
          </reporter-output>
        </test-method> <!-- validateLoginWithMultipleCredentials -->
        <test-method is-config="true" signature="quitBrowser()[pri:0, instance:com.naveenautomation.pageTests.AccountPageTest@689604d9]" started-at="2023-11-18T14:45:13Z" name="quitBrowser" finished-at="2023-11-18T14:45:14Z" duration-ms="341" status="PASS">
          <reporter-output>
          </reporter-output>
        </test-method> <!-- quitBrowser -->
        <test-method is-config="true" signature="launch()[pri:0, instance:com.naveenautomation.pageTests.AccountPageTest@689604d9]" started-at="2023-11-18T14:45:14Z" name="launch" finished-at="2023-11-18T14:45:22Z" duration-ms="7851" status="PASS">
          <reporter-output>
          </reporter-output>
        </test-method> <!-- launch -->
        <test-method signature="validateLoginWithMultipleCredentials(java.lang.String, java.lang.String)[pri:0, instance:com.naveenautomation.pageTests.AccountPageTest@689604d9]" started-at="2023-11-18T14:45:22Z" name="validateLoginWithMultipleCredentials" data-provider="UserCredentials" finished-at="2023-11-18T14:45:24Z" duration-ms="2018" status="PASS">
          <params>
            <param index="0">
              <value>
                <![CDATA[naveen@email.com]]>
              </value>
            </param>
            <param index="1">
              <value>
                <![CDATA[abcd]]>
              </value>
            </param>
          </params>
          <reporter-output>
          </reporter-output>
        </test-method> <!-- validateLoginWithMultipleCredentials -->
        <test-method is-config="true" signature="quitBrowser()[pri:0, instance:com.naveenautomation.pageTests.AccountPageTest@689604d9]" started-at="2023-11-18T14:45:24Z" name="quitBrowser" finished-at="2023-11-18T14:45:24Z" duration-ms="284" status="PASS">
          <reporter-output>
          </reporter-output>
        </test-method> <!-- quitBrowser -->
        <test-method is-config="true" signature="launch()[pri:0, instance:com.naveenautomation.pageTests.AccountPageTest@689604d9]" started-at="2023-11-18T14:45:24Z" name="launch" finished-at="2023-11-18T14:45:33Z" duration-ms="8616" status="PASS">
          <reporter-output>
          </reporter-output>
        </test-method> <!-- launch -->
        <test-method signature="validatePaymentsMessage()[pri:0, instance:com.naveenautomation.pageTests.AccountPageTest@689604d9]" started-at="2023-11-18T14:45:33Z" name="validatePaymentsMessage" finished-at="2023-11-18T14:45:36Z" duration-ms="3838" status="PASS">
          <reporter-output>
          </reporter-output>
        </test-method> <!-- validatePaymentsMessage -->
        <test-method is-config="true" signature="quitBrowser()[pri:0, instance:com.naveenautomation.pageTests.AccountPageTest@689604d9]" started-at="2023-11-18T14:45:36Z" name="quitBrowser" finished-at="2023-11-18T14:45:37Z" duration-ms="256" status="PASS">
          <reporter-output>
          </reporter-output>
        </test-method> <!-- quitBrowser -->
        <test-method is-config="true" signature="launch()[pri:0, instance:com.naveenautomation.pageTests.AccountPageTest@689604d9]" started-at="2023-11-18T14:45:37Z" name="launch" finished-at="2023-11-18T14:45:45Z" duration-ms="8355" status="PASS">
          <reporter-output>
          </reporter-output>
        </test-method> <!-- launch -->
        <test-method signature="validateProductReturnMessage()[pri:0, instance:com.naveenautomation.pageTests.AccountPageTest@689604d9]" started-at="2023-11-18T14:45:45Z" name="validateProductReturnMessage" finished-at="2023-11-18T14:45:49Z" duration-ms="3780" status="PASS">
          <reporter-output>
          </reporter-output>
        </test-method> <!-- validateProductReturnMessage -->
        <test-method is-config="true" signature="quitBrowser()[pri:0, instance:com.naveenautomation.pageTests.AccountPageTest@689604d9]" started-at="2023-11-18T14:45:49Z" name="quitBrowser" finished-at="2023-11-18T14:45:49Z" duration-ms="290" status="PASS">
          <reporter-output>
          </reporter-output>
        </test-method> <!-- quitBrowser -->
        <test-method is-config="true" signature="launch()[pri:0, instance:com.naveenautomation.pageTests.AccountPageTest@689604d9]" started-at="2023-11-18T14:45:49Z" name="launch" finished-at="2023-11-18T14:45:56Z" duration-ms="7083" status="PASS">
          <reporter-output>
          </reporter-output>
        </test-method> <!-- launch -->
        <test-method signature="validateTransactionsPageMessage()[pri:0, instance:com.naveenautomation.pageTests.AccountPageTest@689604d9]" started-at="2023-11-18T14:45:56Z" name="validateTransactionsPageMessage" finished-at="2023-11-18T14:46:00Z" duration-ms="3896" status="PASS">
          <reporter-output>
          </reporter-output>
        </test-method> <!-- validateTransactionsPageMessage -->
        <test-method is-config="true" signature="quitBrowser()[pri:0, instance:com.naveenautomation.pageTests.AccountPageTest@689604d9]" started-at="2023-11-18T14:46:00Z" name="quitBrowser" finished-at="2023-11-18T14:46:00Z" duration-ms="299" status="PASS">
          <reporter-output>
          </reporter-output>
        </test-method> <!-- quitBrowser -->
        <test-method is-config="true" signature="launch()[pri:0, instance:com.naveenautomation.pageTests.AccountPageTest@689604d9]" started-at="2023-11-18T14:46:00Z" name="launch" finished-at="2023-11-18T14:46:08Z" duration-ms="7586" status="PASS">
          <reporter-output>
          </reporter-output>
        </test-method> <!-- launch -->
        <test-method signature="validateUserAbleToViewOrderHistory()[pri:0, instance:com.naveenautomation.pageTests.AccountPageTest@689604d9]" started-at="2023-11-18T14:46:08Z" name="validateUserAbleToViewOrderHistory" finished-at="2023-11-18T14:46:12Z" duration-ms="3943" status="PASS">
          <reporter-output>
          </reporter-output>
        </test-method> <!-- validateUserAbleToViewOrderHistory -->
        <test-method is-config="true" signature="quitBrowser()[pri:0, instance:com.naveenautomation.pageTests.AccountPageTest@689604d9]" started-at="2023-11-18T14:46:12Z" name="quitBrowser" finished-at="2023-11-18T14:46:12Z" duration-ms="327" status="PASS">
          <reporter-output>
          </reporter-output>
        </test-method> <!-- quitBrowser -->
        <test-method is-config="true" signature="launch()[pri:0, instance:com.naveenautomation.pageTests.AccountPageTest@689604d9]" started-at="2023-11-18T14:46:12Z" name="launch" finished-at="2023-11-18T14:46:26Z" duration-ms="13871" status="PASS">
          <reporter-output>
          </reporter-output>
        </test-method> <!-- launch -->
        <test-method signature="validateUserAbleToViewPreviousOrderDetails()[pri:0, instance:com.naveenautomation.pageTests.AccountPageTest@689604d9]" started-at="2023-11-18T14:46:26Z" name="validateUserAbleToViewPreviousOrderDetails" finished-at="2023-11-18T14:46:32Z" duration-ms="5604" status="PASS">
          <reporter-output>
          </reporter-output>
        </test-method> <!-- validateUserAbleToViewPreviousOrderDetails -->
        <test-method is-config="true" signature="quitBrowser()[pri:0, instance:com.naveenautomation.pageTests.AccountPageTest@689604d9]" started-at="2023-11-18T14:46:32Z" name="quitBrowser" finished-at="2023-11-18T14:46:32Z" duration-ms="338" status="PASS">
          <reporter-output>
          </reporter-output>
        </test-method> <!-- quitBrowser -->
        <test-method is-config="true" signature="launch()[pri:0, instance:com.naveenautomation.pageTests.AccountPageTest@689604d9]" started-at="2023-11-18T14:46:32Z" name="launch" finished-at="2023-11-18T14:46:41Z" duration-ms="8914" status="PASS">
          <reporter-output>
          </reporter-output>
        </test-method> <!-- launch -->
        <test-method signature="validateUserAbleToViewRewardPoint()[pri:0, instance:com.naveenautomation.pageTests.AccountPageTest@689604d9]" started-at="2023-11-18T14:46:41Z" name="validateUserAbleToViewRewardPoint" finished-at="2023-11-18T14:46:45Z" duration-ms="3541" status="PASS">
          <reporter-output>
          </reporter-output>
        </test-method> <!-- validateUserAbleToViewRewardPoint -->
        <test-method is-config="true" signature="quitBrowser()[pri:0, instance:com.naveenautomation.pageTests.AccountPageTest@689604d9]" started-at="2023-11-18T14:46:45Z" name="quitBrowser" finished-at="2023-11-18T14:46:45Z" duration-ms="394" status="PASS">
          <reporter-output>
          </reporter-output>
        </test-method> <!-- quitBrowser -->
        <test-method is-config="true" signature="launch()[pri:0, instance:com.naveenautomation.pageTests.AccountPageTest@689604d9]" started-at="2023-11-18T14:46:45Z" name="launch" finished-at="2023-11-18T14:46:53Z" duration-ms="7808" status="PASS">
          <reporter-output>
          </reporter-output>
        </test-method> <!-- launch -->
        <test-method signature="validateUserCanLoginWithValidCredentials()[pri:0, instance:com.naveenautomation.pageTests.AccountPageTest@689604d9]" started-at="2023-11-18T14:46:53Z" name="validateUserCanLoginWithValidCredentials" finished-at="2023-11-18T14:46:54Z" duration-ms="1707" status="PASS">
          <reporter-output>
          </reporter-output>
        </test-method> <!-- validateUserCanLoginWithValidCredentials -->
        <test-method is-config="true" signature="quitBrowser()[pri:0, instance:com.naveenautomation.pageTests.AccountPageTest@689604d9]" started-at="2023-11-18T14:46:54Z" name="quitBrowser" finished-at="2023-11-18T14:46:55Z" duration-ms="291" status="PASS">
          <reporter-output>
          </reporter-output>
        </test-method> <!-- quitBrowser -->
        <test-method is-config="true" signature="launch()[pri:0, instance:com.naveenautomation.pageTests.AccountPageTest@689604d9]" started-at="2023-11-18T14:46:55Z" name="launch" finished-at="2023-11-18T14:47:02Z" duration-ms="6997" status="PASS">
          <reporter-output>
          </reporter-output>
        </test-method> <!-- launch -->
        <test-method signature="validateUserCanRegisterNewAccount()[pri:0, instance:com.naveenautomation.pageTests.AccountPageTest@689604d9]" started-at="2023-11-18T14:47:02Z" name="validateUserCanRegisterNewAccount" finished-at="2023-11-18T14:47:06Z" duration-ms="4226" status="FAIL">
          <exception class="java.lang.Error">
            <full-stacktrace>
              <![CDATA[java.lang.Error
at com.naveenautomation.pages.AccountSucessPage.isLoaded(AccountSucessPage.java:32)
at com.naveenautomation.pages.Page.waitForPageToLoad(Page.java:26)
at com.naveenautomation.pages.Page.<init>(Page.java:12)
at com.naveenautomation.pages.AccountSucessPage.<init>(AccountSucessPage.java:11)
at com.naveenautomation.pages.RegisterPage.clickSubmitButton(RegisterPage.java:76)
at com.naveenautomation.pageTests.AccountPageTest.validateUserCanRegisterNewAccount(AccountPageTest.java:134)
at java.base/jdk.internal.reflect.NativeMethodAccessorImpl.invoke0(Native Method)
at java.base/jdk.internal.reflect.NativeMethodAccessorImpl.invoke(NativeMethodAccessorImpl.java:62)
at java.base/jdk.internal.reflect.DelegatingMethodAccessorImpl.invoke(DelegatingMethodAccessorImpl.java:43)
at java.base/java.lang.reflect.Method.invoke(Method.java:566)
at org.testng.internal.MethodInvocationHelper.invokeMethod(MethodInvocationHelper.java:124)
at org.testng.internal.Invoker.invokeMethod(Invoker.java:583)
at org.testng.internal.Invoker.invokeTestMethod(Invoker.java:719)
at org.testng.internal.Invoker.invokeTestMethods(Invoker.java:989)
at org.testng.internal.TestMethodWorker.invokeTestMethods(TestMethodWorker.java:125)
at org.testng.internal.TestMethodWorker.run(TestMethodWorker.java:109)
at org.testng.TestRunner.privateRun(TestRunner.java:648)
at org.testng.TestRunner.run(TestRunner.java:505)
at org.testng.SuiteRunner.runTest(SuiteRunner.java:455)
at org.testng.SuiteRunner.runSequentially(SuiteRunner.java:450)
at org.testng.SuiteRunner.privateRun(SuiteRunner.java:415)
at org.testng.SuiteRunner.run(SuiteRunner.java:364)
at org.testng.SuiteRunnerWorker.runSuite(SuiteRunnerWorker.java:52)
at org.testng.SuiteRunnerWorker.run(SuiteRunnerWorker.java:84)
at org.testng.TestNG.runSuitesSequentially(TestNG.java:1208)
at org.testng.TestNG.runSuitesLocally(TestNG.java:1137)
at org.testng.TestNG.runSuites(TestNG.java:1049)
at org.testng.TestNG.run(TestNG.java:1017)
at org.apache.maven.surefire.testng.TestNGExecutor.run(TestNGExecutor.java:135)
at org.apache.maven.surefire.testng.TestNGDirectoryTestSuite.executeMulti(TestNGDirectoryTestSuite.java:193)
at org.apache.maven.surefire.testng.TestNGDirectoryTestSuite.execute(TestNGDirectoryTestSuite.java:94)
at org.apache.maven.surefire.testng.TestNGProvider.invoke(TestNGProvider.java:146)
at org.apache.maven.surefire.booter.ForkedBooter.invokeProviderInSameClassLoader(ForkedBooter.java:384)
at org.apache.maven.surefire.booter.ForkedBooter.runSuitesInProcess(ForkedBooter.java:345)
at org.apache.maven.surefire.booter.ForkedBooter.execute(ForkedBooter.java:126)
at org.apache.maven.surefire.booter.ForkedBooter.main(ForkedBooter.java:418)
]]>
            </full-stacktrace>
          </exception> <!-- java.lang.Error -->
          <reporter-output>
          </reporter-output>
        </test-method> <!-- validateUserCanRegisterNewAccount -->
        <test-method is-config="true" signature="quitBrowser()[pri:0, instance:com.naveenautomation.pageTests.AccountPageTest@689604d9]" started-at="2023-11-18T14:47:06Z" name="quitBrowser" finished-at="2023-11-18T14:47:06Z" duration-ms="202" status="PASS">
          <reporter-output>
          </reporter-output>
        </test-method> <!-- quitBrowser -->
        <test-method is-config="true" signature="launch()[pri:0, instance:com.naveenautomation.pageTests.AccountPageTest@689604d9]" started-at="2023-11-18T14:47:06Z" name="launch" finished-at="2023-11-18T14:47:15Z" duration-ms="8949" status="PASS">
          <reporter-output>
          </reporter-output>
        </test-method> <!-- launch -->
        <test-method signature="validateUserCanSubscribeNewsLetter()[pri:0, instance:com.naveenautomation.pageTests.AccountPageTest@689604d9]" started-at="2023-11-18T14:47:15Z" name="validateUserCanSubscribeNewsLetter" finished-at="2023-11-18T14:47:19Z" duration-ms="4354" status="PASS">
          <reporter-output>
          </reporter-output>
        </test-method> <!-- validateUserCanSubscribeNewsLetter -->
        <test-method is-config="true" signature="quitBrowser()[pri:0, instance:com.naveenautomation.pageTests.AccountPageTest@689604d9]" started-at="2023-11-18T14:47:19Z" name="quitBrowser" finished-at="2023-11-18T14:47:20Z" duration-ms="288" status="PASS">
          <reporter-output>
          </reporter-output>
        </test-method> <!-- quitBrowser -->
        <test-method is-config="true" signature="launch()[pri:0, instance:com.naveenautomation.pageTests.AccountPageTest@689604d9]" started-at="2023-11-18T14:47:20Z" name="launch" finished-at="2023-11-18T14:47:27Z" duration-ms="7414" status="PASS">
          <reporter-output>
          </reporter-output>
        </test-method> <!-- launch -->
        <test-method signature="validateUserCanUnsubscribeNewsLetter()[pri:0, instance:com.naveenautomation.pageTests.AccountPageTest@689604d9]" started-at="2023-11-18T14:47:27Z" name="validateUserCanUnsubscribeNewsLetter" finished-at="2023-11-18T14:47:31Z" duration-ms="4026" status="PASS">
          <reporter-output>
          </reporter-output>
        </test-method> <!-- validateUserCanUnsubscribeNewsLetter -->
        <test-method is-config="true" signature="quitBrowser()[pri:0, instance:com.naveenautomation.pageTests.AccountPageTest@689604d9]" started-at="2023-11-18T14:47:31Z" name="quitBrowser" finished-at="2023-11-18T14:47:32Z" duration-ms="308" status="PASS">
          <reporter-output>
          </reporter-output>
        </test-method> <!-- quitBrowser -->
        <test-method is-config="true" signature="launch()[pri:0, instance:com.naveenautomation.pageTests.AccountPageTest@689604d9]" started-at="2023-11-18T14:47:32Z" name="launch" finished-at="2023-11-18T14:47:39Z" duration-ms="7408" status="PASS">
          <reporter-output>
          </reporter-output>
        </test-method> <!-- launch -->
        <test-method signature="validateUserCanUpdateAffiliateInfo()[pri:0, instance:com.naveenautomation.pageTests.AccountPageTest@689604d9]" started-at="2023-11-18T14:47:39Z" name="validateUserCanUpdateAffiliateInfo" finished-at="2023-11-18T14:47:43Z" duration-ms="4165" status="PASS">
          <reporter-output>
          </reporter-output>
        </test-method> <!-- validateUserCanUpdateAffiliateInfo -->
        <test-method is-config="true" signature="quitBrowser()[pri:0, instance:com.naveenautomation.pageTests.AccountPageTest@689604d9]" started-at="2023-11-18T14:47:43Z" name="quitBrowser" finished-at="2023-11-18T14:47:43Z" duration-ms="276" status="PASS">
          <reporter-output>
          </reporter-output>
        </test-method> <!-- quitBrowser -->
        <test-method is-config="true" signature="launch()[pri:0, instance:com.naveenautomation.pageTests.AccountPageTest@689604d9]" started-at="2023-11-18T14:47:43Z" name="launch" finished-at="2023-11-18T14:47:51Z" duration-ms="7599" status="PASS">
          <reporter-output>
          </reporter-output>
        </test-method> <!-- launch -->
        <test-method signature="validateUserCanUpdateEmail()[pri:0, instance:com.naveenautomation.pageTests.AccountPageTest@689604d9]" started-at="2023-11-18T14:47:51Z" name="validateUserCanUpdateEmail" finished-at="2023-11-18T14:47:56Z" duration-ms="5226" status="PASS">
          <reporter-output>
          </reporter-output>
        </test-method> <!-- validateUserCanUpdateEmail -->
        <test-method is-config="true" signature="quitBrowser()[pri:0, instance:com.naveenautomation.pageTests.AccountPageTest@689604d9]" started-at="2023-11-18T14:47:56Z" name="quitBrowser" finished-at="2023-11-18T14:47:56Z" duration-ms="250" status="PASS">
          <reporter-output>
          </reporter-output>
        </test-method> <!-- quitBrowser -->
        <test-method is-config="true" signature="launch()[pri:0, instance:com.naveenautomation.pageTests.AccountPageTest@689604d9]" started-at="2023-11-18T14:47:56Z" name="launch" finished-at="2023-11-18T14:48:04Z" duration-ms="7834" status="PASS">
          <reporter-output>
          </reporter-output>
        </test-method> <!-- launch -->
        <test-method signature="validateUserCanUpdateFirstName()[pri:0, instance:com.naveenautomation.pageTests.AccountPageTest@689604d9]" started-at="2023-11-18T14:48:04Z" name="validateUserCanUpdateFirstName" finished-at="2023-11-18T14:48:09Z" duration-ms="4752" status="PASS">
          <reporter-output>
          </reporter-output>
        </test-method> <!-- validateUserCanUpdateFirstName -->
        <test-method is-config="true" signature="quitBrowser()[pri:0, instance:com.naveenautomation.pageTests.AccountPageTest@689604d9]" started-at="2023-11-18T14:48:09Z" name="quitBrowser" finished-at="2023-11-18T14:48:09Z" duration-ms="240" status="PASS">
          <reporter-output>
          </reporter-output>
        </test-method> <!-- quitBrowser -->
        <test-method is-config="true" signature="launch()[pri:0, instance:com.naveenautomation.pageTests.AccountPageTest@689604d9]" started-at="2023-11-18T14:48:09Z" name="launch" finished-at="2023-11-18T14:48:16Z" duration-ms="7205" status="PASS">
          <reporter-output>
          </reporter-output>
        </test-method> <!-- launch -->
        <test-method signature="validateUserCanUpdateLastName()[pri:0, instance:com.naveenautomation.pageTests.AccountPageTest@689604d9]" started-at="2023-11-18T14:48:16Z" name="validateUserCanUpdateLastName" finished-at="2023-11-18T14:48:21Z" duration-ms="4900" status="PASS">
          <reporter-output>
          </reporter-output>
        </test-method> <!-- validateUserCanUpdateLastName -->
        <test-method is-config="true" signature="quitBrowser()[pri:0, instance:com.naveenautomation.pageTests.AccountPageTest@689604d9]" started-at="2023-11-18T14:48:21Z" name="quitBrowser" finished-at="2023-11-18T14:48:22Z" duration-ms="180" status="PASS">
          <reporter-output>
          </reporter-output>
        </test-method> <!-- quitBrowser -->
        <test-method is-config="true" signature="launch()[pri:0, instance:com.naveenautomation.pageTests.AccountPageTest@689604d9]" started-at="2023-11-18T14:48:22Z" name="launch" finished-at="2023-11-18T14:48:31Z" duration-ms="8976" status="PASS">
          <reporter-output>
          </reporter-output>
        </test-method> <!-- launch -->
        <test-method signature="validateUserCanUpdateNumber()[pri:0, instance:com.naveenautomation.pageTests.AccountPageTest@689604d9]" started-at="2023-11-18T14:48:31Z" name="validateUserCanUpdateNumber" finished-at="2023-11-18T14:48:35Z" duration-ms="4594" status="PASS">
          <reporter-output>
          </reporter-output>
        </test-method> <!-- validateUserCanUpdateNumber -->
        <test-method is-config="true" signature="quitBrowser()[pri:0, instance:com.naveenautomation.pageTests.AccountPageTest@689604d9]" started-at="2023-11-18T14:48:35Z" name="quitBrowser" finished-at="2023-11-18T14:48:36Z" duration-ms="901" status="PASS">
          <reporter-output>
          </reporter-output>
        </test-method> <!-- quitBrowser -->
        <test-method is-config="true" signature="launch()[pri:0, instance:com.naveenautomation.pageTests.AccountPageTest@689604d9]" started-at="2023-11-18T14:48:36Z" name="launch" finished-at="2023-11-18T14:48:44Z" duration-ms="7775" status="PASS">
          <reporter-output>
          </reporter-output>
        </test-method> <!-- launch -->
        <test-method signature="validateUserCanUpdatePassword()[pri:0, instance:com.naveenautomation.pageTests.AccountPageTest@689604d9]" started-at="2023-11-18T14:48:44Z" name="validateUserCanUpdatePassword" finished-at="2023-11-18T14:48:48Z" duration-ms="4514" status="PASS">
          <reporter-output>
          </reporter-output>
        </test-method> <!-- validateUserCanUpdatePassword -->
        <test-method is-config="true" signature="quitBrowser()[pri:0, instance:com.naveenautomation.pageTests.AccountPageTest@689604d9]" started-at="2023-11-18T14:48:48Z" name="quitBrowser" finished-at="2023-11-18T14:48:49Z" duration-ms="230" status="PASS">
          <reporter-output>
          </reporter-output>
        </test-method> <!-- quitBrowser -->
        <test-method is-config="true" signature="launch()[pri:0, instance:com.naveenautomation.pageTests.AccountPageTest@689604d9]" started-at="2023-11-18T14:48:49Z" name="launch" finished-at="2023-11-18T14:48:57Z" duration-ms="7988" status="PASS">
          <reporter-output>
          </reporter-output>
        </test-method> <!-- launch -->
        <test-method signature="validateUserCannotUpdateInfoWithEmptyField()[pri:0, instance:com.naveenautomation.pageTests.AccountPageTest@689604d9]" started-at="2023-11-18T14:48:57Z" name="validateUserCannotUpdateInfoWithEmptyField" finished-at="2023-11-18T14:49:03Z" duration-ms="6519" status="PASS">
          <reporter-output>
          </reporter-output>
        </test-method> <!-- validateUserCannotUpdateInfoWithEmptyField -->
        <test-method is-config="true" signature="quitBrowser()[pri:0, instance:com.naveenautomation.pageTests.AccountPageTest@689604d9]" started-at="2023-11-18T14:49:03Z" name="quitBrowser" finished-at="2023-11-18T14:49:03Z" duration-ms="220" status="PASS">
          <reporter-output>
          </reporter-output>
        </test-method> <!-- quitBrowser -->
        <test-method is-config="true" signature="launch()[pri:0, instance:com.naveenautomation.pageTests.AccountPageTest@689604d9]" started-at="2023-11-18T14:49:03Z" name="launch" finished-at="2023-11-18T14:49:11Z" duration-ms="7462" status="PASS">
          <reporter-output>
          </reporter-output>
        </test-method> <!-- launch -->
        <test-method signature="validateUserCannotUpdatePasswordIfPwdMismatch()[pri:0, instance:com.naveenautomation.pageTests.AccountPageTest@689604d9]" started-at="2023-11-18T14:49:11Z" name="validateUserCannotUpdatePasswordIfPwdMismatch" finished-at="2023-11-18T14:49:15Z" duration-ms="4439" status="PASS">
          <reporter-output>
          </reporter-output>
        </test-method> <!-- validateUserCannotUpdatePasswordIfPwdMismatch -->
        <test-method is-config="true" signature="quitBrowser()[pri:0, instance:com.naveenautomation.pageTests.AccountPageTest@689604d9]" started-at="2023-11-18T14:49:15Z" name="quitBrowser" finished-at="2023-11-18T14:49:15Z" duration-ms="161" status="PASS">
          <reporter-output>
          </reporter-output>
        </test-method> <!-- quitBrowser -->
        <test-method is-config="true" signature="launch()[pri:0, instance:com.naveenautomation.pageTests.AccountPageTest@689604d9]" started-at="2023-11-18T14:49:15Z" name="launch" finished-at="2023-11-18T14:49:24Z" duration-ms="8517" status="PASS">
          <reporter-output>
          </reporter-output>
        </test-method> <!-- launch -->
        <test-method signature="validateWishListMessage()[pri:0, instance:com.naveenautomation.pageTests.AccountPageTest@689604d9]" started-at="2023-11-18T14:49:24Z" name="validateWishListMessage" finished-at="2023-11-18T14:49:27Z" duration-ms="3261" status="PASS">
          <reporter-output>
          </reporter-output>
        </test-method> <!-- validateWishListMessage -->
        <test-method is-config="true" signature="quitBrowser()[pri:0, instance:com.naveenautomation.pageTests.AccountPageTest@689604d9]" started-at="2023-11-18T14:49:27Z" name="quitBrowser" finished-at="2023-11-18T14:49:27Z" duration-ms="132" status="PASS">
          <reporter-output>
          </reporter-output>
        </test-method> <!-- quitBrowser -->
      </class> <!-- com.naveenautomation.pageTests.AccountPageTest -->
      <class name="com.naveenautomation.pageTests.AddressBookTest">
        <test-method is-config="true" signature="loggerSteup()[pri:0, instance:com.naveenautomation.pageTests.AddressBookTest@18078bef]" started-at="2023-11-18T14:49:27Z" name="loggerSteup" finished-at="2023-11-18T14:49:27Z" duration-ms="2" status="PASS">
          <reporter-output>
          </reporter-output>
        </test-method> <!-- loggerSteup -->
        <test-method is-config="true" signature="launch()[pri:0, instance:com.naveenautomation.pageTests.AddressBookTest@18078bef]" started-at="2023-11-18T14:49:27Z" name="launch" finished-at="2023-11-18T14:49:36Z" duration-ms="8331" status="PASS">
          <reporter-output>
          </reporter-output>
        </test-method> <!-- launch -->
        <test-method signature="validateUserCanUpdateAddress()[pri:0, instance:com.naveenautomation.pageTests.AddressBookTest@18078bef]" started-at="2023-11-18T14:49:36Z" name="validateUserCanUpdateAddress" finished-at="2023-11-18T14:49:42Z" duration-ms="6003" status="PASS">
          <reporter-output>
          </reporter-output>
        </test-method> <!-- validateUserCanUpdateAddress -->
        <test-method is-config="true" signature="quitBrowser()[pri:0, instance:com.naveenautomation.pageTests.AddressBookTest@18078bef]" started-at="2023-11-18T14:49:42Z" name="quitBrowser" finished-at="2023-11-18T14:49:42Z" duration-ms="233" status="PASS">
          <reporter-output>
          </reporter-output>
        </test-method> <!-- quitBrowser -->
      </class> <!-- com.naveenautomation.pageTests.AddressBookTest -->
      <class name="com.naveenautomation.pageTests.RegisterPageTest">
        <test-method is-config="true" signature="loggerSteup()[pri:0, instance:com.naveenautomation.pageTests.RegisterPageTest@3023df74]" started-at="2023-11-18T14:52:32Z" name="loggerSteup" finished-at="2023-11-18T14:52:32Z" duration-ms="2" status="PASS">
          <reporter-output>
          </reporter-output>
        </test-method> <!-- loggerSteup -->
        <test-method is-config="true" signature="launch()[pri:0, instance:com.naveenautomation.pageTests.RegisterPageTest@3023df74]" started-at="2023-11-18T14:52:32Z" name="launch" finished-at="2023-11-18T14:52:39Z" duration-ms="7873" status="PASS">
          <reporter-output>
          </reporter-output>
        </test-method> <!-- launch -->
        <test-method signature="validateUserCannotRegisterNewAccountWithPwdMismatch()[pri:0, instance:com.naveenautomation.pageTests.RegisterPageTest@3023df74]" started-at="2023-11-18T14:52:39Z" name="validateUserCannotRegisterNewAccountWithPwdMismatch" finished-at="2023-11-18T14:52:44Z" duration-ms="4332" status="PASS">
          <reporter-output>
          </reporter-output>
        </test-method> <!-- validateUserCannotRegisterNewAccountWithPwdMismatch -->
        <test-method is-config="true" signature="quitBrowser()[pri:0, instance:com.naveenautomation.pageTests.RegisterPageTest@3023df74]" started-at="2023-11-18T14:52:44Z" name="quitBrowser" finished-at="2023-11-18T14:52:44Z" duration-ms="294" status="PASS">
          <reporter-output>
          </reporter-output>
        </test-method> <!-- quitBrowser -->
        <test-method is-config="true" signature="launch()[pri:0, instance:com.naveenautomation.pageTests.RegisterPageTest@3023df74]" started-at="2023-11-18T14:52:44Z" name="launch" finished-at="2023-11-18T14:52:52Z" duration-ms="7531" status="PASS">
          <reporter-output>
          </reporter-output>
        </test-method> <!-- launch -->
        <test-method signature="validateUserCannotRegisterNewAccountWithRegistedEmail()[pri:0, instance:com.naveenautomation.pageTests.RegisterPageTest@3023df74]" started-at="2023-11-18T14:52:52Z" name="validateUserCannotRegisterNewAccountWithRegistedEmail" finished-at="2023-11-18T14:52:56Z" duration-ms="4271" status="PASS">
          <reporter-output>
          </reporter-output>
        </test-method> <!-- validateUserCannotRegisterNewAccountWithRegistedEmail -->
        <test-method is-config="true" signature="quitBrowser()[pri:0, instance:com.naveenautomation.pageTests.RegisterPageTest@3023df74]" started-at="2023-11-18T14:52:56Z" name="quitBrowser" finished-at="2023-11-18T14:52:56Z" duration-ms="140" status="PASS">
          <reporter-output>
          </reporter-output>
        </test-method> <!-- quitBrowser -->
        <test-method is-config="true" signature="launch()[pri:0, instance:com.naveenautomation.pageTests.RegisterPageTest@3023df74]" started-at="2023-11-18T14:52:56Z" name="launch" finished-at="2023-11-18T14:53:03Z" duration-ms="7267" status="PASS">
          <reporter-output>
          </reporter-output>
        </test-method> <!-- launch -->
        <test-method signature="validateUserCannotRegisterNewAccountWithoutCheckingAgree()[pri:0, instance:com.naveenautomation.pageTests.RegisterPageTest@3023df74]" started-at="2023-11-18T14:53:03Z" name="validateUserCannotRegisterNewAccountWithoutCheckingAgree" finished-at="2023-11-18T14:53:07Z" duration-ms="3752" status="PASS">
          <reporter-output>
          </reporter-output>
        </test-method> <!-- validateUserCannotRegisterNewAccountWithoutCheckingAgree -->
        <test-method is-config="true" signature="quitBrowser()[pri:0, instance:com.naveenautomation.pageTests.RegisterPageTest@3023df74]" started-at="2023-11-18T14:53:07Z" name="quitBrowser" finished-at="2023-11-18T14:53:07Z" duration-ms="162" status="PASS">
          <reporter-output>
          </reporter-output>
        </test-method> <!-- quitBrowser -->
      </class> <!-- com.naveenautomation.pageTests.RegisterPageTest -->
      <class name="com.naveenautomation.pageTests.ForgetPasswordTest">
        <test-method is-config="true" signature="loggerSteup()[pri:0, instance:com.naveenautomation.pageTests.ForgetPasswordTest@799f10e1]" started-at="2023-11-18T14:49:42Z" name="loggerSteup" finished-at="2023-11-18T14:49:42Z" duration-ms="2" status="PASS">
          <reporter-output>
          </reporter-output>
        </test-method> <!-- loggerSteup -->
        <test-method is-config="true" signature="launch()[pri:0, instance:com.naveenautomation.pageTests.ForgetPasswordTest@799f10e1]" started-at="2023-11-18T14:49:42Z" name="launch" finished-at="2023-11-18T14:49:49Z" duration-ms="7573" status="PASS">
          <reporter-output>
          </reporter-output>
        </test-method> <!-- launch -->
        <test-method signature="validateUserCannotChangePwdWithInValidCredentials()[pri:0, instance:com.naveenautomation.pageTests.ForgetPasswordTest@799f10e1]" started-at="2023-11-18T14:49:49Z" name="validateUserCannotChangePwdWithInValidCredentials" finished-at="2023-11-18T14:49:51Z" duration-ms="1804" status="PASS">
          <reporter-output>
          </reporter-output>
        </test-method> <!-- validateUserCannotChangePwdWithInValidCredentials -->
        <test-method is-config="true" signature="quitBrowser()[pri:0, instance:com.naveenautomation.pageTests.ForgetPasswordTest@799f10e1]" started-at="2023-11-18T14:49:51Z" name="quitBrowser" finished-at="2023-11-18T14:49:51Z" duration-ms="147" status="PASS">
          <reporter-output>
          </reporter-output>
        </test-method> <!-- quitBrowser -->
      </class> <!-- com.naveenautomation.pageTests.ForgetPasswordTest -->
      <class name="com.naveenautomation.pageTests.LoginPageTest">
        <test-method is-config="true" signature="loggerSteup()[pri:0, instance:com.naveenautomation.pageTests.LoginPageTest@145f66e3]" started-at="2023-11-18T14:52:11Z" name="loggerSteup" finished-at="2023-11-18T14:52:11Z" duration-ms="5" status="PASS">
          <reporter-output>
          </reporter-output>
        </test-method> <!-- loggerSteup -->
        <test-method is-config="true" signature="launch()[pri:0, instance:com.naveenautomation.pageTests.LoginPageTest@145f66e3]" started-at="2023-11-18T14:52:11Z" name="launch" finished-at="2023-11-18T14:52:18Z" duration-ms="7422" status="PASS">
          <reporter-output>
          </reporter-output>
        </test-method> <!-- launch -->
        <test-method signature="validateUserCanAccessFwdPwdWithValidCredentials()[pri:0, instance:com.naveenautomation.pageTests.LoginPageTest@145f66e3]" started-at="2023-11-18T14:52:18Z" name="validateUserCanAccessFwdPwdWithValidCredentials" finished-at="2023-11-18T14:52:21Z" duration-ms="2833" status="PASS">
          <reporter-output>
          </reporter-output>
        </test-method> <!-- validateUserCanAccessFwdPwdWithValidCredentials -->
        <test-method is-config="true" signature="quitBrowser()[pri:0, instance:com.naveenautomation.pageTests.LoginPageTest@145f66e3]" started-at="2023-11-18T14:52:21Z" name="quitBrowser" finished-at="2023-11-18T14:52:21Z" duration-ms="206" status="PASS">
          <reporter-output>
          </reporter-output>
        </test-method> <!-- quitBrowser -->
        <test-method is-config="true" signature="launch()[pri:0, instance:com.naveenautomation.pageTests.LoginPageTest@145f66e3]" started-at="2023-11-18T14:52:21Z" name="launch" finished-at="2023-11-18T14:52:30Z" duration-ms="8262" status="PASS">
          <reporter-output>
          </reporter-output>
        </test-method> <!-- launch -->
        <test-method signature="validateUserCanNotLoginWithInValidCredentials()[pri:0, instance:com.naveenautomation.pageTests.LoginPageTest@145f66e3]" started-at="2023-11-18T14:52:30Z" name="validateUserCanNotLoginWithInValidCredentials" finished-at="2023-11-18T14:52:31Z" duration-ms="1571" status="PASS">
          <reporter-output>
          </reporter-output>
        </test-method> <!-- validateUserCanNotLoginWithInValidCredentials -->
        <test-method is-config="true" signature="quitBrowser()[pri:0, instance:com.naveenautomation.pageTests.LoginPageTest@145f66e3]" started-at="2023-11-18T14:52:31Z" name="quitBrowser" finished-at="2023-11-18T14:52:32Z" duration-ms="324" status="PASS">
          <reporter-output>
          </reporter-output>
        </test-method> <!-- quitBrowser -->
      </class> <!-- com.naveenautomation.pageTests.LoginPageTest -->
    </test> <!-- Surefire test -->
  </suite> <!-- Surefire suite -->
</testng-results>
