<?xml version="1.0" encoding="UTF-8"?>
<testng-results ignored="0" total="1" passed="1" failed="0" skipped="0">
  <reporter-output>
  </reporter-output>
  <suite started-at="2023-11-15T17:11:09 EST" name="Default suite" finished-at="2023-11-15T17:11:32 EST" duration-ms="23484">
    <groups>
    </groups>
    <test started-at="2023-11-15T17:11:09 EST" name="Default test" finished-at="2023-11-15T17:11:32 EST" duration-ms="23484">
      <class name="com.naveenautomation.pageTests.AddressBookTest">
        <test-method is-config="true" signature="loggerSteup()[pri:0, instance:com.naveenautomation.pageTests.AddressBookTest@8f2ef19]" started-at="2023-11-15T17:11:09 EST" name="loggerSteup" finished-at="2023-11-15T17:11:09 EST" duration-ms="343" status="PASS">
          <reporter-output>
          </reporter-output>
        </test-method> <!-- loggerSteup -->
        <test-method is-config="true" signature="launch()[pri:0, instance:com.naveenautomation.pageTests.AddressBookTest@8f2ef19]" started-at="2023-11-15T17:11:09 EST" name="launch" finished-at="2023-11-15T17:11:27 EST" duration-ms="18013" status="PASS">
          <reporter-output>
          </reporter-output>
        </test-method> <!-- launch -->
        <test-method signature="validateUserCanUpdateAddress()[pri:0, instance:com.naveenautomation.pageTests.AddressBookTest@8f2ef19]" started-at="2023-11-15T17:11:27 EST" name="validateUserCanUpdateAddress" finished-at="2023-11-15T17:11:32 EST" duration-ms="4813" status="PASS">
          <reporter-output>
          </reporter-output>
        </test-method> <!-- validateUserCanUpdateAddress -->
        <test-method is-config="true" signature="quitBrowser()[pri:0, instance:com.naveenautomation.pageTests.AddressBookTest@8f2ef19]" started-at="2023-11-15T17:11:32 EST" name="quitBrowser" finished-at="2023-11-15T17:11:32 EST" duration-ms="217" status="PASS">
          <reporter-output>
          </reporter-output>
        </test-method> <!-- quitBrowser -->
      </class> <!-- com.naveenautomation.pageTests.AddressBookTest -->
    </test> <!-- Default test -->
  </suite> <!-- Default suite -->
</testng-results>
